<html>
<head>
<title>TestNG:  michaelkorsTests</title>
<link href="../testng.css" rel="stylesheet" type="text/css" />
<link href="../my-testng.css" rel="stylesheet" type="text/css" />

<style type="text/css">
.log { display: none;} 
.stack-trace { display: none;} 
</style>
<script type="text/javascript">
<!--
function flip(e) {
  current = e.style.display;
  if (current == 'block') {
    e.style.display = 'none';
    return 0;
  }
  else {
    e.style.display = 'block';
    return 1;
  }
}

function toggleBox(szDivId, elem, msg1, msg2)
{
  var res = -1;  if (document.getElementById) {
    res = flip(document.getElementById(szDivId));
  }
  else if (document.all) {
    // this is the way old msie versions work
    res = flip(document.all[szDivId]);
  }
  if(elem) {
    if(res == 0) elem.innerHTML = msg1; else elem.innerHTML = msg2;
  }

}

function toggleAllBoxes() {
  if (document.getElementsByTagName) {
    d = document.getElementsByTagName('div');
    for (i = 0; i < d.length; i++) {
      if (d[i].className == 'log') {
        flip(d[i]);
      }
    }
  }
}

// -->
</script>

</head>
<body>
<h2 align='center'>michaelkorsTests</h2><table border='1' align="center">
<tr>
<td>Tests passed/Failed/Skipped:</td><td>13/2/0</td>
</tr><tr>
<td>Started on:</td><td>Thu Dec 17 17:07:02 EST 2020</td>
</tr>
<tr><td>Total time:</td><td>527 seconds (527344 ms)</td>
</tr><tr>
<td>Included groups:</td><td></td>
</tr><tr>
<td>Excluded groups:</td><td></td>
</tr>
</table><p/>
<small><i>(Hover the method name to see the test class name)</i></small><p/>
<table width='100%' border='1' class='invocation-failed'>
<tr><td colspan='4' align='center'><b>FAILED TESTS</b></td></tr>
<tr><td><b>Test method</b></td>
<td width="30%"><b>Exception</b></td>
<td width="10%"><b>Time (seconds)</b></td>
<td><b>Instance</b></td>
</tr>
<tr>
<td title='com.michaelkors.testCases.TC_MenTest_006.MenTest()'><b>MenTest</b><br>Test class: com.michaelkors.testCases.TC_MenTest_006</td>
<td><div><pre>org.openqa.selenium.ElementClickInterceptedException: element click intercepted: Element &lt;div class=&quot;Select-value&quot;&gt;...&lt;/div&gt; is not clickable at point (1129, 516). Other element would receive the click: &lt;label&gt;...&lt;/label&gt;
  (Session info: chrome=87.0.4280.88)
Build info: version: &apos;4.0.0-alpha-6&apos;, revision: &apos;5f43a29cfc&apos;
System info: host: &apos;LAPTOP-IIRF7F8F&apos;, ip: &apos;192.168.4.29&apos;, os.name: &apos;Windows 10&apos;, os.arch: &apos;amd64&apos;, os.version: &apos;10.0&apos;, java.version: &apos;1.8.0_221&apos;
Driver info: org.openqa.selenium.chrome.ChromeDriver
Capabilities {acceptInsecureCerts: false, browserName: chrome, browserVersion: 87.0.4280.88, chrome: {chromedriverVersion: 87.0.4280.88 (89e2380a3e36c..., userDataDir: C:\Users\muhas\AppData\Loca...}, goog:chromeOptions: {debuggerAddress: localhost:53679}, javascriptEnabled: true, networkConnectionEnabled: false, pageLoadStrategy: normal, platform: WINDOWS, platformName: WINDOWS, proxy: Proxy(), setWindowRect: true, strictFileInteractability: false, timeouts: {implicit: 0, pageLoad: 300000, script: 30000}, unhandledPromptBehavior: dismiss and notify, webauthn:virtualAuthenticators: true}
Session ID: 4b4862b0a5e9de991dedd0649687085a
	at org.openqa.selenium.remote.codec.w3c.W3CHttpResponseCodec.createException(W3CHttpResponseCodec.java:196)
	at org.openqa.selenium.remote.codec.w3c.W3CHttpResponseCodec.decode(W3CHttpResponseCodec.java:129)
	at org.openqa.selenium.remote.codec.w3c.W3CHttpResponseCodec.decode(W3CHttpResponseCodec.java:53)
	at org.openqa.selenium.remote.HttpCommandExecutor.execute(HttpCommandExecutor.java:160)
	at org.openqa.selenium.remote.service.DriverCommandExecutor.execute(DriverCommandExecutor.java:83)
	at org.openqa.selenium.remote.RemoteWebDriver.execute(RemoteWebDriver.java:582)
	at org.openqa.selenium.remote.RemoteWebElement.execute(RemoteWebElement.java:316)
	at org.openqa.selenium.remote.RemoteWebElement.click(RemoteWebElement.java:85)
	at org.openqa.selenium.support.pagefactory.internal.LocatingElementHandler.invoke(LocatingElementHandler.java:52)
	at com.sun.proxy.$Proxy33.click(Unknown Source)
	at com.michaelkors.pageObjects.MenPage.clickdropdown(MenPage.java:86)
	at com.michaelkors.testCases.TC_MenTest_006.MenTest(TC_MenTest_006.java:29)
	at java.util.ArrayList.forEach(ArrayList.java:1257)
... Removed 34 stack frames</pre></div><a href='#' onClick='toggleBox("stack-trace1625223149", this, "Click to show all stack frames", "Click to hide stack frames")'>Click to show all stack frames</a>
<div class='stack-trace' id='stack-trace1625223149'><pre>org.openqa.selenium.ElementClickInterceptedException: element click intercepted: Element &lt;div class=&quot;Select-value&quot;&gt;...&lt;/div&gt; is not clickable at point (1129, 516). Other element would receive the click: &lt;label&gt;...&lt;/label&gt;
  (Session info: chrome=87.0.4280.88)
Build info: version: &apos;4.0.0-alpha-6&apos;, revision: &apos;5f43a29cfc&apos;
System info: host: &apos;LAPTOP-IIRF7F8F&apos;, ip: &apos;192.168.4.29&apos;, os.name: &apos;Windows 10&apos;, os.arch: &apos;amd64&apos;, os.version: &apos;10.0&apos;, java.version: &apos;1.8.0_221&apos;
Driver info: org.openqa.selenium.chrome.ChromeDriver
Capabilities {acceptInsecureCerts: false, browserName: chrome, browserVersion: 87.0.4280.88, chrome: {chromedriverVersion: 87.0.4280.88 (89e2380a3e36c..., userDataDir: C:\Users\muhas\AppData\Loca...}, goog:chromeOptions: {debuggerAddress: localhost:53679}, javascriptEnabled: true, networkConnectionEnabled: false, pageLoadStrategy: normal, platform: WINDOWS, platformName: WINDOWS, proxy: Proxy(), setWindowRect: true, strictFileInteractability: false, timeouts: {implicit: 0, pageLoad: 300000, script: 30000}, unhandledPromptBehavior: dismiss and notify, webauthn:virtualAuthenticators: true}
Session ID: 4b4862b0a5e9de991dedd0649687085a
	at sun.reflect.NativeConstructorAccessorImpl.newInstance0(Native Method)
	at sun.reflect.NativeConstructorAccessorImpl.newInstance(NativeConstructorAccessorImpl.java:62)
	at sun.reflect.DelegatingConstructorAccessorImpl.newInstance(DelegatingConstructorAccessorImpl.java:45)
	at java.lang.reflect.Constructor.newInstance(Constructor.java:423)
	at org.openqa.selenium.remote.codec.w3c.W3CHttpResponseCodec.createException(W3CHttpResponseCodec.java:196)
	at org.openqa.selenium.remote.codec.w3c.W3CHttpResponseCodec.decode(W3CHttpResponseCodec.java:129)
	at org.openqa.selenium.remote.codec.w3c.W3CHttpResponseCodec.decode(W3CHttpResponseCodec.java:53)
	at org.openqa.selenium.remote.HttpCommandExecutor.execute(HttpCommandExecutor.java:160)
	at org.openqa.selenium.remote.service.DriverCommandExecutor.execute(DriverCommandExecutor.java:83)
	at org.openqa.selenium.remote.RemoteWebDriver.execute(RemoteWebDriver.java:582)
	at org.openqa.selenium.remote.RemoteWebElement.execute(RemoteWebElement.java:316)
	at org.openqa.selenium.remote.RemoteWebElement.click(RemoteWebElement.java:85)
	at sun.reflect.GeneratedMethodAccessor4.invoke(Unknown Source)
	at sun.reflect.DelegatingMethodAccessorImpl.invoke(DelegatingMethodAccessorImpl.java:43)
	at java.lang.reflect.Method.invoke(Method.java:498)
	at org.openqa.selenium.support.pagefactory.internal.LocatingElementHandler.invoke(LocatingElementHandler.java:52)
	at com.sun.proxy.$Proxy33.click(Unknown Source)
	at com.michaelkors.pageObjects.MenPage.clickdropdown(MenPage.java:86)
	at com.michaelkors.testCases.TC_MenTest_006.MenTest(TC_MenTest_006.java:29)
	at sun.reflect.NativeMethodAccessorImpl.invoke0(Native Method)
	at sun.reflect.NativeMethodAccessorImpl.invoke(NativeMethodAccessorImpl.java:62)
	at sun.reflect.DelegatingMethodAccessorImpl.invoke(DelegatingMethodAccessorImpl.java:43)
	at java.lang.reflect.Method.invoke(Method.java:498)
	at org.testng.internal.MethodInvocationHelper.invokeMethod(MethodInvocationHelper.java:132)
	at org.testng.internal.TestInvoker.invokeMethod(TestInvoker.java:599)
	at org.testng.internal.TestInvoker.invokeTestMethod(TestInvoker.java:174)
	at org.testng.internal.MethodRunner.runInSequence(MethodRunner.java:46)
	at org.testng.internal.TestInvoker$MethodInvocationAgent.invoke(TestInvoker.java:822)
	at org.testng.internal.TestInvoker.invokeTestMethods(TestInvoker.java:147)
	at org.testng.internal.TestMethodWorker.invokeTestMethods(TestMethodWorker.java:146)
	at org.testng.internal.TestMethodWorker.run(TestMethodWorker.java:128)
	at java.util.ArrayList.forEach(ArrayList.java:1257)
	at org.testng.TestRunner.privateRun(TestRunner.java:764)
	at org.testng.TestRunner.run(TestRunner.java:585)
	at org.testng.SuiteRunner.runTest(SuiteRunner.java:384)
	at org.testng.SuiteRunner.runSequentially(SuiteRunner.java:378)
	at org.testng.SuiteRunner.privateRun(SuiteRunner.java:337)
	at org.testng.SuiteRunner.run(SuiteRunner.java:286)
	at org.testng.SuiteRunnerWorker.runSuite(SuiteRunnerWorker.java:53)
	at org.testng.SuiteRunnerWorker.run(SuiteRunnerWorker.java:96)
	at org.testng.TestNG.runSuitesSequentially(TestNG.java:1218)
	at org.testng.TestNG.runSuitesLocally(TestNG.java:1140)
	at org.testng.TestNG.runSuites(TestNG.java:1069)
	at org.testng.TestNG.run(TestNG.java:1037)
	at org.testng.remote.AbstractRemoteTestNG.run(AbstractRemoteTestNG.java:115)
	at org.testng.remote.RemoteTestNG.initAndRun(RemoteTestNG.java:251)
	at org.testng.remote.RemoteTestNG.main(RemoteTestNG.java:77)
</pre></div></td>
<td>19</td>
<td>com.michaelkors.testCases.TC_MenTest_006@2e222612</td></tr>
<tr>
<td title='com.michaelkors.testCases.TC_WalletsTest_008.WalletsTest()'><b>WalletsTest</b><br>Test class: com.michaelkors.testCases.TC_WalletsTest_008</td>
<td><div><pre>org.openqa.selenium.NoSuchElementException: no such element: Unable to locate element: {&quot;method&quot;:&quot;xpath&quot;,&quot;selector&quot;:&quot;//input[@title=&apos;BRN/ACORN&apos;]&quot;}
  (Session info: chrome=87.0.4280.88)
For documentation on this error, please visit: https://selenium.dev/exceptions/#no_such_element
Build info: version: &apos;4.0.0-alpha-6&apos;, revision: &apos;5f43a29cfc&apos;
System info: host: &apos;LAPTOP-IIRF7F8F&apos;, ip: &apos;192.168.4.29&apos;, os.name: &apos;Windows 10&apos;, os.arch: &apos;amd64&apos;, os.version: &apos;10.0&apos;, java.version: &apos;1.8.0_221&apos;
Driver info: org.openqa.selenium.chrome.ChromeDriver
Capabilities {acceptInsecureCerts: false, browserName: chrome, browserVersion: 87.0.4280.88, chrome: {chromedriverVersion: 87.0.4280.88 (89e2380a3e36c..., userDataDir: C:\Users\muhas\AppData\Loca...}, goog:chromeOptions: {debuggerAddress: localhost:54010}, javascriptEnabled: true, networkConnectionEnabled: false, pageLoadStrategy: normal, platform: WINDOWS, platformName: WINDOWS, proxy: Proxy(), setWindowRect: true, strictFileInteractability: false, timeouts: {implicit: 0, pageLoad: 300000, script: 30000}, unhandledPromptBehavior: dismiss and notify, webauthn:virtualAuthenticators: true}
Session ID: 69175de93242368251d71ae2dda1e651
*** Element info: {Using=xpath, value=//input[@title=&apos;BRN/ACORN&apos;]}
	at org.openqa.selenium.remote.codec.w3c.W3CHttpResponseCodec.createException(W3CHttpResponseCodec.java:196)
	at org.openqa.selenium.remote.codec.w3c.W3CHttpResponseCodec.decode(W3CHttpResponseCodec.java:129)
	at org.openqa.selenium.remote.codec.w3c.W3CHttpResponseCodec.decode(W3CHttpResponseCodec.java:53)
	at org.openqa.selenium.remote.HttpCommandExecutor.execute(HttpCommandExecutor.java:160)
	at org.openqa.selenium.remote.service.DriverCommandExecutor.execute(DriverCommandExecutor.java:83)
	at org.openqa.selenium.remote.RemoteWebDriver.execute(RemoteWebDriver.java:582)
	at org.openqa.selenium.remote.RemoteWebDriver.findElement(RemoteWebDriver.java:333)
	at org.openqa.selenium.remote.RemoteWebDriver.findElementByXPath(RemoteWebDriver.java:451)
	at org.openqa.selenium.By$ByXPath.findElement(By.java:394)
	at org.openqa.selenium.remote.RemoteWebDriver.findElement(RemoteWebDriver.java:325)
	at org.openqa.selenium.support.pagefactory.DefaultElementLocator.findElement(DefaultElementLocator.java:70)
	at org.openqa.selenium.support.pagefactory.internal.LocatingElementHandler.invoke(LocatingElementHandler.java:39)
	at com.sun.proxy.$Proxy33.click(Unknown Source)
	at com.michaelkors.pageObjects.WalletsPage.clickBRNACORN(WalletsPage.java:98)
	at com.michaelkors.testCases.TC_WalletsTest_008.WalletsTest(TC_WalletsTest_008.java:25)
	at java.util.ArrayList.forEach(ArrayList.java:1257)
... Removed 31 stack frames</pre></div><a href='#' onClick='toggleBox("stack-trace1848568533", this, "Click to show all stack frames", "Click to hide stack frames")'>Click to show all stack frames</a>
<div class='stack-trace' id='stack-trace1848568533'><pre>org.openqa.selenium.NoSuchElementException: no such element: Unable to locate element: {&quot;method&quot;:&quot;xpath&quot;,&quot;selector&quot;:&quot;//input[@title=&apos;BRN/ACORN&apos;]&quot;}
  (Session info: chrome=87.0.4280.88)
For documentation on this error, please visit: https://selenium.dev/exceptions/#no_such_element
Build info: version: &apos;4.0.0-alpha-6&apos;, revision: &apos;5f43a29cfc&apos;
System info: host: &apos;LAPTOP-IIRF7F8F&apos;, ip: &apos;192.168.4.29&apos;, os.name: &apos;Windows 10&apos;, os.arch: &apos;amd64&apos;, os.version: &apos;10.0&apos;, java.version: &apos;1.8.0_221&apos;
Driver info: org.openqa.selenium.chrome.ChromeDriver
Capabilities {acceptInsecureCerts: false, browserName: chrome, browserVersion: 87.0.4280.88, chrome: {chromedriverVersion: 87.0.4280.88 (89e2380a3e36c..., userDataDir: C:\Users\muhas\AppData\Loca...}, goog:chromeOptions: {debuggerAddress: localhost:54010}, javascriptEnabled: true, networkConnectionEnabled: false, pageLoadStrategy: normal, platform: WINDOWS, platformName: WINDOWS, proxy: Proxy(), setWindowRect: true, strictFileInteractability: false, timeouts: {implicit: 0, pageLoad: 300000, script: 30000}, unhandledPromptBehavior: dismiss and notify, webauthn:virtualAuthenticators: true}
Session ID: 69175de93242368251d71ae2dda1e651
*** Element info: {Using=xpath, value=//input[@title=&apos;BRN/ACORN&apos;]}
	at sun.reflect.NativeConstructorAccessorImpl.newInstance0(Native Method)
	at sun.reflect.NativeConstructorAccessorImpl.newInstance(NativeConstructorAccessorImpl.java:62)
	at sun.reflect.DelegatingConstructorAccessorImpl.newInstance(DelegatingConstructorAccessorImpl.java:45)
	at java.lang.reflect.Constructor.newInstance(Constructor.java:423)
	at org.openqa.selenium.remote.codec.w3c.W3CHttpResponseCodec.createException(W3CHttpResponseCodec.java:196)
	at org.openqa.selenium.remote.codec.w3c.W3CHttpResponseCodec.decode(W3CHttpResponseCodec.java:129)
	at org.openqa.selenium.remote.codec.w3c.W3CHttpResponseCodec.decode(W3CHttpResponseCodec.java:53)
	at org.openqa.selenium.remote.HttpCommandExecutor.execute(HttpCommandExecutor.java:160)
	at org.openqa.selenium.remote.service.DriverCommandExecutor.execute(DriverCommandExecutor.java:83)
	at org.openqa.selenium.remote.RemoteWebDriver.execute(RemoteWebDriver.java:582)
	at org.openqa.selenium.remote.RemoteWebDriver.findElement(RemoteWebDriver.java:333)
	at org.openqa.selenium.remote.RemoteWebDriver.findElementByXPath(RemoteWebDriver.java:451)
	at org.openqa.selenium.By$ByXPath.findElement(By.java:394)
	at org.openqa.selenium.remote.RemoteWebDriver.findElement(RemoteWebDriver.java:325)
	at org.openqa.selenium.support.pagefactory.DefaultElementLocator.findElement(DefaultElementLocator.java:70)
	at org.openqa.selenium.support.pagefactory.internal.LocatingElementHandler.invoke(LocatingElementHandler.java:39)
	at com.sun.proxy.$Proxy33.click(Unknown Source)
	at com.michaelkors.pageObjects.WalletsPage.clickBRNACORN(WalletsPage.java:98)
	at com.michaelkors.testCases.TC_WalletsTest_008.WalletsTest(TC_WalletsTest_008.java:25)
	at sun.reflect.NativeMethodAccessorImpl.invoke0(Native Method)
	at sun.reflect.NativeMethodAccessorImpl.invoke(NativeMethodAccessorImpl.java:62)
	at sun.reflect.DelegatingMethodAccessorImpl.invoke(DelegatingMethodAccessorImpl.java:43)
	at java.lang.reflect.Method.invoke(Method.java:498)
	at org.testng.internal.MethodInvocationHelper.invokeMethod(MethodInvocationHelper.java:132)
	at org.testng.internal.TestInvoker.invokeMethod(TestInvoker.java:599)
	at org.testng.internal.TestInvoker.invokeTestMethod(TestInvoker.java:174)
	at org.testng.internal.MethodRunner.runInSequence(MethodRunner.java:46)
	at org.testng.internal.TestInvoker$MethodInvocationAgent.invoke(TestInvoker.java:822)
	at org.testng.internal.TestInvoker.invokeTestMethods(TestInvoker.java:147)
	at org.testng.internal.TestMethodWorker.invokeTestMethods(TestMethodWorker.java:146)
	at org.testng.internal.TestMethodWorker.run(TestMethodWorker.java:128)
	at java.util.ArrayList.forEach(ArrayList.java:1257)
	at org.testng.TestRunner.privateRun(TestRunner.java:764)
	at org.testng.TestRunner.run(TestRunner.java:585)
	at org.testng.SuiteRunner.runTest(SuiteRunner.java:384)
	at org.testng.SuiteRunner.runSequentially(SuiteRunner.java:378)
	at org.testng.SuiteRunner.privateRun(SuiteRunner.java:337)
	at org.testng.SuiteRunner.run(SuiteRunner.java:286)
	at org.testng.SuiteRunnerWorker.runSuite(SuiteRunnerWorker.java:53)
	at org.testng.SuiteRunnerWorker.run(SuiteRunnerWorker.java:96)
	at org.testng.TestNG.runSuitesSequentially(TestNG.java:1218)
	at org.testng.TestNG.runSuitesLocally(TestNG.java:1140)
	at org.testng.TestNG.runSuites(TestNG.java:1069)
	at org.testng.TestNG.run(TestNG.java:1037)
	at org.testng.remote.AbstractRemoteTestNG.run(AbstractRemoteTestNG.java:115)
	at org.testng.remote.RemoteTestNG.initAndRun(RemoteTestNG.java:251)
	at org.testng.remote.RemoteTestNG.main(RemoteTestNG.java:77)
</pre></div></td>
<td>41</td>
<td>com.michaelkors.testCases.TC_WalletsTest_008@73ee04c8</td></tr>
</table><p>
<table width='100%' border='1' class='invocation-passed'>
<tr><td colspan='4' align='center'><b>PASSED TESTS</b></td></tr>
<tr><td><b>Test method</b></td>
<td width="30%"><b>Exception</b></td>
<td width="10%"><b>Time (seconds)</b></td>
<td><b>Instance</b></td>
</tr>
<tr>
<td title='com.michaelkors.testCases.TC_HandBagsTest_007.HandBagsTest()'><b>HandBagsTest</b><br>Test class: com.michaelkors.testCases.TC_HandBagsTest_007</td>
<td></td>
<td>66</td>
<td>com.michaelkors.testCases.TC_HandBagsTest_007@4d910fd6</td></tr>
<tr>
<td title='com.michaelkors.testCases.TC_JoinDDT_002.JoinDDT()'><b>JoinDDT</b><br>Test class: com.michaelkors.testCases.TC_JoinDDT_002<br>Parameters: Asif, Khan, khanasif.qa@gmail.com, Admin123, 8817, 5, 10, Male, Passed</td>
<td></td>
<td>25</td>
<td>com.michaelkors.testCases.TC_JoinDDT_002@26275bef</td></tr>
<tr>
<td title='com.michaelkors.testCases.TC_JoinDDT_002.JoinDDT()'><b>JoinDDT</b><br>Test class: com.michaelkors.testCases.TC_JoinDDT_002<br>Parameters: Asif, Khan, khanasif@gmail.com, Admin124, 8817, 5, 10, Male, failed</td>
<td></td>
<td>14</td>
<td>com.michaelkors.testCases.TC_JoinDDT_002@26275bef</td></tr>
<tr>
<td title='com.michaelkors.testCases.TC_JoinDDT_002.JoinDDT()'><b>JoinDDT</b><br>Test class: com.michaelkors.testCases.TC_JoinDDT_002<br>Parameters: Asif, Khan, khanasif.qa@gmail.com, Admin125, 8817, 5, 10, Male, failed</td>
<td></td>
<td>13</td>
<td>com.michaelkors.testCases.TC_JoinDDT_002@26275bef</td></tr>
<tr>
<td title='com.michaelkors.testCases.TC_JoinDDT_002.JoinDDT()'><b>JoinDDT</b><br>Test class: com.michaelkors.testCases.TC_JoinDDT_002<br>Parameters: Asif, Kan, khanasif.qa@gmail.com, Admin126, 8817, 5, 10, Male, failed</td>
<td></td>
<td>13</td>
<td>com.michaelkors.testCases.TC_JoinDDT_002@26275bef</td></tr>
<tr>
<td title='com.michaelkors.testCases.TC_JoinTest_001.JoinTest()'><b>JoinTest</b><br>Test class: com.michaelkors.testCases.TC_JoinTest_001</td>
<td></td>
<td>21</td>
<td>com.michaelkors.testCases.TC_JoinTest_001@7690781</td></tr>
<tr>
<td title='com.michaelkors.testCases.TC_LoginTest_003.LoginTest()'><b>LoginTest</b><br>Test class: com.michaelkors.testCases.TC_LoginTest_003</td>
<td></td>
<td>20</td>
<td>com.michaelkors.testCases.TC_LoginTest_003@3246fb96</td></tr>
<tr>
<td title='com.michaelkors.testCases.TC_ShoesTest_009.ShoesTest()'><b>ShoesTest</b><br>Test class: com.michaelkors.testCases.TC_ShoesTest_009</td>
<td></td>
<td>60</td>
<td>com.michaelkors.testCases.TC_ShoesTest_009@61386958</td></tr>
<tr>
<td title='com.michaelkors.testCases.TC_WomenTest_005.WomenTest()'><b>WomenTest</b><br>Test class: com.michaelkors.testCases.TC_WomenTest_005</td>
<td></td>
<td>32</td>
<td>com.michaelkors.testCases.TC_WomenTest_005@7671cb68</td></tr>
<tr>
<td title='com.michaelkors.testCases.TC_LoginDDT_004.loginTest()'><b>loginTest</b><br>Test class: com.michaelkors.testCases.TC_LoginDDT_004<br>Parameters: khanasif.qa@gmail.com, Admin123, Pass</td>
<td></td>
<td>24</td>
<td>com.michaelkors.testCases.TC_LoginDDT_004@77eca502</td></tr>
<tr>
<td title='com.michaelkors.testCases.TC_LoginDDT_004.loginTest()'><b>loginTest</b><br>Test class: com.michaelkors.testCases.TC_LoginDDT_004<br>Parameters: hanasif.qa@gmail.com, Admin124, Fail</td>
<td></td>
<td>43</td>
<td>com.michaelkors.testCases.TC_LoginDDT_004@77eca502</td></tr>
<tr>
<td title='com.michaelkors.testCases.TC_LoginDDT_004.loginTest()'><b>loginTest</b><br>Test class: com.michaelkors.testCases.TC_LoginDDT_004<br>Parameters: khanasif.qa@gmail.com, Admin125, Fail</td>
<td></td>
<td>44</td>
<td>com.michaelkors.testCases.TC_LoginDDT_004@77eca502</td></tr>
<tr>
<td title='com.michaelkors.testCases.TC_LoginDDT_004.loginTest()'><b>loginTest</b><br>Test class: com.michaelkors.testCases.TC_LoginDDT_004<br>Parameters: khanasif@gmail.com, Admin126, Fail</td>
<td></td>
<td>44</td>
<td>com.michaelkors.testCases.TC_LoginDDT_004@77eca502</td></tr>
</table><p>
</body>
</html>