<?xml version="1.0" encoding="UTF-8"?>
<testng-results skipped="0" failed="8" ignored="3" total="34" passed="23">
  <reporter-output>
  </reporter-output>
  <suite name="michaelkors CrossBrowser Suite" duration-ms="292002" started-at="2020-12-18T08:34:49 EST" finished-at="2020-12-18T08:39:41 EST">
    <groups>
      <group name="regression">
        <method signature="TC_JoinTest_001.JoinTest()[pri:0, instance:com.michaelkors.testCases.TC_JoinTest_001@9d5509a]" name="JoinTest" class="com.michaelkors.testCases.TC_JoinTest_001"/>
        <method signature="TC_LoginTest_003.LoginTest()[pri:0, instance:com.michaelkors.testCases.TC_LoginTest_003@3b0090a4]" name="LoginTest" class="com.michaelkors.testCases.TC_LoginTest_003"/>
      </group> <!-- regression -->
      <group name="sanity">
        <method signature="TC_JoinTest_001.JoinTest()[pri:0, instance:com.michaelkors.testCases.TC_JoinTest_001@9d5509a]" name="JoinTest" class="com.michaelkors.testCases.TC_JoinTest_001"/>
        <method signature="TC_LoginTest_003.LoginTest()[pri:0, instance:com.michaelkors.testCases.TC_LoginTest_003@3b0090a4]" name="LoginTest" class="com.michaelkors.testCases.TC_LoginTest_003"/>
      </group> <!-- sanity -->
      <group name="master">
        <method signature="TC_JoinDDT_002.JoinDDT(java.lang.String, java.lang.String, java.lang.String, java.lang.String, java.lang.String, java.lang.String, java.lang.String, java.lang.String, java.lang.String)[pri:0, instance:com.michaelkors.testCases.TC_JoinDDT_002@179ece50]" name="JoinDDT" class="com.michaelkors.testCases.TC_JoinDDT_002"/>
        <method signature="TC_JoinTest_001.JoinTest()[pri:0, instance:com.michaelkors.testCases.TC_JoinTest_001@9d5509a]" name="JoinTest" class="com.michaelkors.testCases.TC_JoinTest_001"/>
        <method signature="TC_LoginDDT_004.loginTest(java.lang.String, java.lang.String, java.lang.String)[pri:0, instance:com.michaelkors.testCases.TC_LoginDDT_004@3cd3e762]" name="loginTest" class="com.michaelkors.testCases.TC_LoginDDT_004"/>
        <method signature="TC_LoginTest_003.LoginTest()[pri:0, instance:com.michaelkors.testCases.TC_LoginTest_003@3b0090a4]" name="LoginTest" class="com.michaelkors.testCases.TC_LoginTest_003"/>
      </group> <!-- master -->
    </groups>
    <test name="michaelkorsTests" duration-ms="292002" started-at="2020-12-18T08:34:49 EST" finished-at="2020-12-18T08:39:41 EST">
      <class name="com.michaelkors.testCases.TC_JoinTest_001">
        <test-method status="PASS" signature="setup(java.lang.String)[pri:0, instance:com.michaelkors.testCases.TC_JoinTest_001@9d5509a]" name="setup" is-config="true" duration-ms="3346" started-at="2020-12-18T08:34:49 EST" finished-at="2020-12-18T08:34:53 EST">
          <params>
            <param index="0">
              <value>
                <![CDATA[chrome]]>
              </value>
            </param>
          </params>
          <reporter-output>
          </reporter-output>
        </test-method> <!-- setup -->
        <test-method status="PASS" signature="JoinTest()[pri:0, instance:com.michaelkors.testCases.TC_JoinTest_001@9d5509a]" name="JoinTest" duration-ms="30122" started-at="2020-12-18T08:34:53 EST" finished-at="2020-12-18T08:35:23 EST">
          <reporter-output>
          </reporter-output>
        </test-method> <!-- JoinTest -->
        <test-method status="PASS" signature="tearDown()[pri:0, instance:com.michaelkors.testCases.TC_JoinTest_001@9d5509a]" name="tearDown" is-config="true" duration-ms="63" started-at="2020-12-18T08:35:23 EST" finished-at="2020-12-18T08:35:23 EST">
          <reporter-output>
          </reporter-output>
        </test-method> <!-- tearDown -->
      </class> <!-- com.michaelkors.testCases.TC_JoinTest_001 -->
      <class name="com.michaelkors.testCases.TC_LoginDDT_004">
        <test-method status="PASS" signature="setup(java.lang.String)[pri:0, instance:com.michaelkors.testCases.TC_LoginDDT_004@3cd3e762]" name="setup" is-config="true" duration-ms="3396" started-at="2020-12-18T08:37:03 EST" finished-at="2020-12-18T08:37:06 EST">
          <params>
            <param index="0">
              <value>
                <![CDATA[chrome]]>
              </value>
            </param>
          </params>
          <reporter-output>
          </reporter-output>
        </test-method> <!-- setup -->
        <test-method status="PASS" signature="loginTest(java.lang.String, java.lang.String, java.lang.String)[pri:0, instance:com.michaelkors.testCases.TC_LoginDDT_004@3cd3e762]" name="loginTest" duration-ms="23644" started-at="2020-12-18T08:37:06 EST" data-provider="LoginData" finished-at="2020-12-18T08:37:30 EST">
          <params>
            <param index="0">
              <value>
                <![CDATA[khanasif.qa@gmail.com]]>
              </value>
            </param>
            <param index="1">
              <value>
                <![CDATA[Admin123]]>
              </value>
            </param>
            <param index="2">
              <value>
                <![CDATA[Pass]]>
              </value>
            </param>
          </params>
          <reporter-output>
          </reporter-output>
        </test-method> <!-- loginTest -->
        <test-method status="PASS" signature="loginTest(java.lang.String, java.lang.String, java.lang.String)[pri:0, instance:com.michaelkors.testCases.TC_LoginDDT_004@3cd3e762]" name="loginTest" duration-ms="43571" started-at="2020-12-18T08:37:30 EST" data-provider="LoginData" finished-at="2020-12-18T08:38:14 EST">
          <params>
            <param index="0">
              <value>
                <![CDATA[hanasif.qa@gmail.com]]>
              </value>
            </param>
            <param index="1">
              <value>
                <![CDATA[Admin124]]>
              </value>
            </param>
            <param index="2">
              <value>
                <![CDATA[Fail]]>
              </value>
            </param>
          </params>
          <reporter-output>
          </reporter-output>
        </test-method> <!-- loginTest -->
        <test-method status="PASS" signature="loginTest(java.lang.String, java.lang.String, java.lang.String)[pri:0, instance:com.michaelkors.testCases.TC_LoginDDT_004@3cd3e762]" name="loginTest" duration-ms="44126" started-at="2020-12-18T08:38:14 EST" data-provider="LoginData" finished-at="2020-12-18T08:38:58 EST">
          <params>
            <param index="0">
              <value>
                <![CDATA[khanasif.qa@gmail.com]]>
              </value>
            </param>
            <param index="1">
              <value>
                <![CDATA[Admin125]]>
              </value>
            </param>
            <param index="2">
              <value>
                <![CDATA[Fail]]>
              </value>
            </param>
          </params>
          <reporter-output>
          </reporter-output>
        </test-method> <!-- loginTest -->
        <test-method status="PASS" signature="loginTest(java.lang.String, java.lang.String, java.lang.String)[pri:0, instance:com.michaelkors.testCases.TC_LoginDDT_004@3cd3e762]" name="loginTest" duration-ms="43688" started-at="2020-12-18T08:38:58 EST" data-provider="LoginData" finished-at="2020-12-18T08:39:41 EST">
          <params>
            <param index="0">
              <value>
                <![CDATA[khanasif@gmail.com]]>
              </value>
            </param>
            <param index="1">
              <value>
                <![CDATA[Admin126]]>
              </value>
            </param>
            <param index="2">
              <value>
                <![CDATA[Fail]]>
              </value>
            </param>
          </params>
          <reporter-output>
          </reporter-output>
        </test-method> <!-- loginTest -->
        <test-method status="PASS" signature="tearDown()[pri:0, instance:com.michaelkors.testCases.TC_LoginDDT_004@3cd3e762]" name="tearDown" is-config="true" duration-ms="53" started-at="2020-12-18T08:39:41 EST" finished-at="2020-12-18T08:39:41 EST">
          <reporter-output>
          </reporter-output>
        </test-method> <!-- tearDown -->
      </class> <!-- com.michaelkors.testCases.TC_LoginDDT_004 -->
      <class name="com.michaelkors.testCases.TC_JoinDDT_002">
        <test-method status="PASS" signature="setup(java.lang.String)[pri:0, instance:com.michaelkors.testCases.TC_JoinDDT_002@179ece50]" name="setup" is-config="true" duration-ms="3342" started-at="2020-12-18T08:35:23 EST" finished-at="2020-12-18T08:35:26 EST">
          <params>
            <param index="0">
              <value>
                <![CDATA[chrome]]>
              </value>
            </param>
          </params>
          <reporter-output>
          </reporter-output>
        </test-method> <!-- setup -->
        <test-method status="PASS" signature="JoinDDT(java.lang.String, java.lang.String, java.lang.String, java.lang.String, java.lang.String, java.lang.String, java.lang.String, java.lang.String, java.lang.String)[pri:0, instance:com.michaelkors.testCases.TC_JoinDDT_002@179ece50]" name="JoinDDT" duration-ms="30202" started-at="2020-12-18T08:35:27 EST" data-provider="JoinData" finished-at="2020-12-18T08:35:57 EST">
          <params>
            <param index="0">
              <value>
                <![CDATA[Asif]]>
              </value>
            </param>
            <param index="1">
              <value>
                <![CDATA[Khan]]>
              </value>
            </param>
            <param index="2">
              <value>
                <![CDATA[khanasif.qa@gmail.com]]>
              </value>
            </param>
            <param index="3">
              <value>
                <![CDATA[Admin123]]>
              </value>
            </param>
            <param index="4">
              <value>
                <![CDATA[8817]]>
              </value>
            </param>
            <param index="5">
              <value>
                <![CDATA[5]]>
              </value>
            </param>
            <param index="6">
              <value>
                <![CDATA[10]]>
              </value>
            </param>
            <param index="7">
              <value>
                <![CDATA[Male]]>
              </value>
            </param>
            <param index="8">
              <value>
                <![CDATA[Passed]]>
              </value>
            </param>
          </params>
          <reporter-output>
          </reporter-output>
        </test-method> <!-- JoinDDT -->
        <test-method status="PASS" signature="JoinDDT(java.lang.String, java.lang.String, java.lang.String, java.lang.String, java.lang.String, java.lang.String, java.lang.String, java.lang.String, java.lang.String)[pri:0, instance:com.michaelkors.testCases.TC_JoinDDT_002@179ece50]" name="JoinDDT" duration-ms="15043" started-at="2020-12-18T08:35:57 EST" data-provider="JoinData" finished-at="2020-12-18T08:36:12 EST">
          <params>
            <param index="0">
              <value>
                <![CDATA[Asif]]>
              </value>
            </param>
            <param index="1">
              <value>
                <![CDATA[Khan]]>
              </value>
            </param>
            <param index="2">
              <value>
                <![CDATA[khanasif@gmail.com]]>
              </value>
            </param>
            <param index="3">
              <value>
                <![CDATA[Admin124]]>
              </value>
            </param>
            <param index="4">
              <value>
                <![CDATA[8817]]>
              </value>
            </param>
            <param index="5">
              <value>
                <![CDATA[5]]>
              </value>
            </param>
            <param index="6">
              <value>
                <![CDATA[10]]>
              </value>
            </param>
            <param index="7">
              <value>
                <![CDATA[Male]]>
              </value>
            </param>
            <param index="8">
              <value>
                <![CDATA[failed]]>
              </value>
            </param>
          </params>
          <reporter-output>
          </reporter-output>
        </test-method> <!-- JoinDDT -->
        <test-method status="PASS" signature="JoinDDT(java.lang.String, java.lang.String, java.lang.String, java.lang.String, java.lang.String, java.lang.String, java.lang.String, java.lang.String, java.lang.String)[pri:0, instance:com.michaelkors.testCases.TC_JoinDDT_002@179ece50]" name="JoinDDT" duration-ms="13631" started-at="2020-12-18T08:36:12 EST" data-provider="JoinData" finished-at="2020-12-18T08:36:26 EST">
          <params>
            <param index="0">
              <value>
                <![CDATA[Asif]]>
              </value>
            </param>
            <param index="1">
              <value>
                <![CDATA[Khan]]>
              </value>
            </param>
            <param index="2">
              <value>
                <![CDATA[khanasif.qa@gmail.com]]>
              </value>
            </param>
            <param index="3">
              <value>
                <![CDATA[Admin125]]>
              </value>
            </param>
            <param index="4">
              <value>
                <![CDATA[8817]]>
              </value>
            </param>
            <param index="5">
              <value>
                <![CDATA[5]]>
              </value>
            </param>
            <param index="6">
              <value>
                <![CDATA[10]]>
              </value>
            </param>
            <param index="7">
              <value>
                <![CDATA[Male]]>
              </value>
            </param>
            <param index="8">
              <value>
                <![CDATA[failed]]>
              </value>
            </param>
          </params>
          <reporter-output>
          </reporter-output>
        </test-method> <!-- JoinDDT -->
        <test-method status="PASS" signature="JoinDDT(java.lang.String, java.lang.String, java.lang.String, java.lang.String, java.lang.String, java.lang.String, java.lang.String, java.lang.String, java.lang.String)[pri:0, instance:com.michaelkors.testCases.TC_JoinDDT_002@179ece50]" name="JoinDDT" duration-ms="13870" started-at="2020-12-18T08:36:26 EST" data-provider="JoinData" finished-at="2020-12-18T08:36:40 EST">
          <params>
            <param index="0">
              <value>
                <![CDATA[Asif]]>
              </value>
            </param>
            <param index="1">
              <value>
                <![CDATA[Kan]]>
              </value>
            </param>
            <param index="2">
              <value>
                <![CDATA[khanasif.qa@gmail.com]]>
              </value>
            </param>
            <param index="3">
              <value>
                <![CDATA[Admin126]]>
              </value>
            </param>
            <param index="4">
              <value>
                <![CDATA[8817]]>
              </value>
            </param>
            <param index="5">
              <value>
                <![CDATA[5]]>
              </value>
            </param>
            <param index="6">
              <value>
                <![CDATA[10]]>
              </value>
            </param>
            <param index="7">
              <value>
                <![CDATA[Male]]>
              </value>
            </param>
            <param index="8">
              <value>
                <![CDATA[failed]]>
              </value>
            </param>
          </params>
          <reporter-output>
          </reporter-output>
        </test-method> <!-- JoinDDT -->
        <test-method status="PASS" signature="tearDown()[pri:0, instance:com.michaelkors.testCases.TC_JoinDDT_002@179ece50]" name="tearDown" is-config="true" duration-ms="71" started-at="2020-12-18T08:36:40 EST" finished-at="2020-12-18T08:36:40 EST">
          <reporter-output>
          </reporter-output>
        </test-method> <!-- tearDown -->
      </class> <!-- com.michaelkors.testCases.TC_JoinDDT_002 -->
      <class name="com.michaelkors.testCases.TC_LoginTest_003">
        <test-method status="PASS" signature="setup(java.lang.String)[pri:0, instance:com.michaelkors.testCases.TC_LoginTest_003@3b0090a4]" name="setup" is-config="true" duration-ms="3747" started-at="2020-12-18T08:36:40 EST" finished-at="2020-12-18T08:36:43 EST">
          <params>
            <param index="0">
              <value>
                <![CDATA[chrome]]>
              </value>
            </param>
          </params>
          <reporter-output>
          </reporter-output>
        </test-method> <!-- setup -->
        <test-method status="PASS" signature="LoginTest()[pri:0, instance:com.michaelkors.testCases.TC_LoginTest_003@3b0090a4]" name="LoginTest" duration-ms="19098" started-at="2020-12-18T08:36:43 EST" finished-at="2020-12-18T08:37:02 EST">
          <reporter-output>
          </reporter-output>
        </test-method> <!-- LoginTest -->
        <test-method status="PASS" signature="tearDown()[pri:0, instance:com.michaelkors.testCases.TC_LoginTest_003@3b0090a4]" name="tearDown" is-config="true" duration-ms="324" started-at="2020-12-18T08:37:02 EST" finished-at="2020-12-18T08:37:03 EST">
          <reporter-output>
          </reporter-output>
        </test-method> <!-- tearDown -->
      </class> <!-- com.michaelkors.testCases.TC_LoginTest_003 -->
    </test> <!-- michaelkorsTests -->
  </suite> <!-- michaelkors CrossBrowser Suite -->
  <suite name="michaelkors Group Suite" duration-ms="243804" started-at="2020-12-18T08:30:45 EST" finished-at="2020-12-18T08:34:49 EST">
    <groups>
      <group name="regression">
        <method signature="TC_HandBagsTest_007.HandBagsTest()[pri:0, instance:com.michaelkors.testCases.TC_HandBagsTest_007@662ac478]" name="HandBagsTest" class="com.michaelkors.testCases.TC_HandBagsTest_007"/>
        <method signature="TC_JoinTest_001.JoinTest()[pri:0, instance:com.michaelkors.testCases.TC_JoinTest_001@6743e411]" name="JoinTest" class="com.michaelkors.testCases.TC_JoinTest_001"/>
        <method signature="TC_LoginTest_003.LoginTest()[pri:0, instance:com.michaelkors.testCases.TC_LoginTest_003@3eb25e1a]" name="LoginTest" class="com.michaelkors.testCases.TC_LoginTest_003"/>
        <method signature="TC_ShoesTest_009.ShoesTest()[pri:0, instance:com.michaelkors.testCases.TC_ShoesTest_009@77c2494c]" name="ShoesTest" class="com.michaelkors.testCases.TC_ShoesTest_009"/>
        <method signature="TC_WalletsTest_008.WalletsTest()[pri:0, instance:com.michaelkors.testCases.TC_WalletsTest_008@f5958c9]" name="WalletsTest" class="com.michaelkors.testCases.TC_WalletsTest_008"/>
      </group> <!-- regression -->
      <group name="sanity">
        <method signature="TC_HandBagsTest_007.HandBagsTest()[pri:0, instance:com.michaelkors.testCases.TC_HandBagsTest_007@662ac478]" name="HandBagsTest" class="com.michaelkors.testCases.TC_HandBagsTest_007"/>
        <method signature="TC_JoinTest_001.JoinTest()[pri:0, instance:com.michaelkors.testCases.TC_JoinTest_001@6743e411]" name="JoinTest" class="com.michaelkors.testCases.TC_JoinTest_001"/>
        <method signature="TC_LoginTest_003.LoginTest()[pri:0, instance:com.michaelkors.testCases.TC_LoginTest_003@3eb25e1a]" name="LoginTest" class="com.michaelkors.testCases.TC_LoginTest_003"/>
        <method signature="TC_MenTest_006.MenTest()[pri:0, instance:com.michaelkors.testCases.TC_MenTest_006@477b4cdf]" name="MenTest" class="com.michaelkors.testCases.TC_MenTest_006"/>
        <method signature="TC_ShoesTest_009.ShoesTest()[pri:0, instance:com.michaelkors.testCases.TC_ShoesTest_009@77c2494c]" name="ShoesTest" class="com.michaelkors.testCases.TC_ShoesTest_009"/>
        <method signature="TC_WalletsTest_008.WalletsTest()[pri:0, instance:com.michaelkors.testCases.TC_WalletsTest_008@f5958c9]" name="WalletsTest" class="com.michaelkors.testCases.TC_WalletsTest_008"/>
      </group> <!-- sanity -->
      <group name="master">
        <method signature="TC_HandBagsTest_007.HandBagsTest()[pri:0, instance:com.michaelkors.testCases.TC_HandBagsTest_007@662ac478]" name="HandBagsTest" class="com.michaelkors.testCases.TC_HandBagsTest_007"/>
        <method signature="TC_JoinTest_001.JoinTest()[pri:0, instance:com.michaelkors.testCases.TC_JoinTest_001@6743e411]" name="JoinTest" class="com.michaelkors.testCases.TC_JoinTest_001"/>
        <method signature="TC_LoginTest_003.LoginTest()[pri:0, instance:com.michaelkors.testCases.TC_LoginTest_003@3eb25e1a]" name="LoginTest" class="com.michaelkors.testCases.TC_LoginTest_003"/>
        <method signature="TC_MenTest_006.MenTest()[pri:0, instance:com.michaelkors.testCases.TC_MenTest_006@477b4cdf]" name="MenTest" class="com.michaelkors.testCases.TC_MenTest_006"/>
        <method signature="TC_ShoesTest_009.ShoesTest()[pri:0, instance:com.michaelkors.testCases.TC_ShoesTest_009@77c2494c]" name="ShoesTest" class="com.michaelkors.testCases.TC_ShoesTest_009"/>
        <method signature="TC_WalletsTest_008.WalletsTest()[pri:0, instance:com.michaelkors.testCases.TC_WalletsTest_008@f5958c9]" name="WalletsTest" class="com.michaelkors.testCases.TC_WalletsTest_008"/>
      </group> <!-- master -->
    </groups>
    <test name="michaelkorsTests" duration-ms="243804" started-at="2020-12-18T08:30:45 EST" finished-at="2020-12-18T08:34:49 EST">
      <class name="com.michaelkors.testCases.TC_JoinTest_001">
        <test-method status="PASS" signature="setup(java.lang.String)[pri:0, instance:com.michaelkors.testCases.TC_JoinTest_001@6743e411]" name="setup" is-config="true" duration-ms="3470" started-at="2020-12-18T08:31:31 EST" finished-at="2020-12-18T08:31:34 EST">
          <params>
            <param index="0">
              <value>
                <![CDATA[chrome]]>
              </value>
            </param>
          </params>
          <reporter-output>
          </reporter-output>
        </test-method> <!-- setup -->
        <test-method status="PASS" signature="JoinTest()[pri:0, instance:com.michaelkors.testCases.TC_JoinTest_001@6743e411]" name="JoinTest" duration-ms="27898" started-at="2020-12-18T08:31:34 EST" finished-at="2020-12-18T08:32:02 EST">
          <reporter-output>
          </reporter-output>
        </test-method> <!-- JoinTest -->
        <test-method status="PASS" signature="tearDown()[pri:0, instance:com.michaelkors.testCases.TC_JoinTest_001@6743e411]" name="tearDown" is-config="true" duration-ms="71" started-at="2020-12-18T08:32:02 EST" finished-at="2020-12-18T08:32:02 EST">
          <reporter-output>
          </reporter-output>
        </test-method> <!-- tearDown -->
      </class> <!-- com.michaelkors.testCases.TC_JoinTest_001 -->
      <class name="com.michaelkors.testCases.TC_HandBagsTest_007">
        <test-method status="PASS" signature="setup(java.lang.String)[pri:0, instance:com.michaelkors.testCases.TC_HandBagsTest_007@662ac478]" name="setup" is-config="true" duration-ms="3273" started-at="2020-12-18T08:30:45 EST" finished-at="2020-12-18T08:30:49 EST">
          <params>
            <param index="0">
              <value>
                <![CDATA[chrome]]>
              </value>
            </param>
          </params>
          <reporter-output>
          </reporter-output>
        </test-method> <!-- setup -->
        <test-method status="PASS" signature="HandBagsTest()[pri:0, instance:com.michaelkors.testCases.TC_HandBagsTest_007@662ac478]" name="HandBagsTest" duration-ms="41857" started-at="2020-12-18T08:30:49 EST" finished-at="2020-12-18T08:31:31 EST">
          <reporter-output>
          </reporter-output>
        </test-method> <!-- HandBagsTest -->
        <test-method status="PASS" signature="tearDown()[pri:0, instance:com.michaelkors.testCases.TC_HandBagsTest_007@662ac478]" name="tearDown" is-config="true" duration-ms="95" started-at="2020-12-18T08:31:31 EST" finished-at="2020-12-18T08:31:31 EST">
          <reporter-output>
          </reporter-output>
        </test-method> <!-- tearDown -->
      </class> <!-- com.michaelkors.testCases.TC_HandBagsTest_007 -->
      <class name="com.michaelkors.testCases.TC_ShoesTest_009">
        <test-method status="PASS" signature="setup(java.lang.String)[pri:0, instance:com.michaelkors.testCases.TC_ShoesTest_009@77c2494c]" name="setup" is-config="true" duration-ms="3414" started-at="2020-12-18T08:32:52 EST" finished-at="2020-12-18T08:32:56 EST">
          <params>
            <param index="0">
              <value>
                <![CDATA[chrome]]>
              </value>
            </param>
          </params>
          <reporter-output>
          </reporter-output>
        </test-method> <!-- setup -->
        <test-method status="FAIL" signature="ShoesTest()[pri:0, instance:com.michaelkors.testCases.TC_ShoesTest_009@77c2494c]" name="ShoesTest" duration-ms="44365" started-at="2020-12-18T08:32:56 EST" finished-at="2020-12-18T08:33:40 EST">
          <exception class="org.openqa.selenium.NoSuchElementException">
            <message>
              <![CDATA[no such element: Unable to locate element: {"method":"xpath","selector":"//img[@alt='Keke Suede Pump']"}
  (Session info: chrome=87.0.4280.88)
For documentation on this error, please visit: https://selenium.dev/exceptions/#no_such_element
Build info: version: '4.0.0-alpha-6', revision: '5f43a29cfc'
System info: host: 'LAPTOP-IIRF7F8F', ip: '192.168.4.29', os.name: 'Windows 10', os.arch: 'amd64', os.version: '10.0', java.version: '1.8.0_221'
Driver info: org.openqa.selenium.chrome.ChromeDriver
Capabilities {acceptInsecureCerts: false, browserName: chrome, browserVersion: 87.0.4280.88, chrome: {chromedriverVersion: 87.0.4280.88 (89e2380a3e36c..., userDataDir: C:\Users\muhas\AppData\Loca...}, goog:chromeOptions: {debuggerAddress: localhost:56587}, javascriptEnabled: true, networkConnectionEnabled: false, pageLoadStrategy: normal, platform: WINDOWS, platformName: WINDOWS, proxy: Proxy(), setWindowRect: true, strictFileInteractability: false, timeouts: {implicit: 0, pageLoad: 300000, script: 30000}, unhandledPromptBehavior: dismiss and notify, webauthn:virtualAuthenticators: true}
Session ID: 001d75fe58af8444e571e21e58b98eb1
*** Element info: {Using=xpath, value=//img[@alt='Keke Suede Pump']}]]>
            </message>
            <full-stacktrace>
              <![CDATA[org.openqa.selenium.NoSuchElementException: no such element: Unable to locate element: {"method":"xpath","selector":"//img[@alt='Keke Suede Pump']"}
  (Session info: chrome=87.0.4280.88)
For documentation on this error, please visit: https://selenium.dev/exceptions/#no_such_element
Build info: version: '4.0.0-alpha-6', revision: '5f43a29cfc'
System info: host: 'LAPTOP-IIRF7F8F', ip: '192.168.4.29', os.name: 'Windows 10', os.arch: 'amd64', os.version: '10.0', java.version: '1.8.0_221'
Driver info: org.openqa.selenium.chrome.ChromeDriver
Capabilities {acceptInsecureCerts: false, browserName: chrome, browserVersion: 87.0.4280.88, chrome: {chromedriverVersion: 87.0.4280.88 (89e2380a3e36c..., userDataDir: C:\Users\muhas\AppData\Loca...}, goog:chromeOptions: {debuggerAddress: localhost:56587}, javascriptEnabled: true, networkConnectionEnabled: false, pageLoadStrategy: normal, platform: WINDOWS, platformName: WINDOWS, proxy: Proxy(), setWindowRect: true, strictFileInteractability: false, timeouts: {implicit: 0, pageLoad: 300000, script: 30000}, unhandledPromptBehavior: dismiss and notify, webauthn:virtualAuthenticators: true}
Session ID: 001d75fe58af8444e571e21e58b98eb1
*** Element info: {Using=xpath, value=//img[@alt='Keke Suede Pump']}
at sun.reflect.NativeConstructorAccessorImpl.newInstance0(Native Method)
at sun.reflect.NativeConstructorAccessorImpl.newInstance(NativeConstructorAccessorImpl.java:62)
at sun.reflect.DelegatingConstructorAccessorImpl.newInstance(DelegatingConstructorAccessorImpl.java:45)
at java.lang.reflect.Constructor.newInstance(Constructor.java:423)
at org.openqa.selenium.remote.codec.w3c.W3CHttpResponseCodec.createException(W3CHttpResponseCodec.java:196)
at org.openqa.selenium.remote.codec.w3c.W3CHttpResponseCodec.decode(W3CHttpResponseCodec.java:129)
at org.openqa.selenium.remote.codec.w3c.W3CHttpResponseCodec.decode(W3CHttpResponseCodec.java:53)
at org.openqa.selenium.remote.HttpCommandExecutor.execute(HttpCommandExecutor.java:160)
at org.openqa.selenium.remote.service.DriverCommandExecutor.execute(DriverCommandExecutor.java:83)
at org.openqa.selenium.remote.RemoteWebDriver.execute(RemoteWebDriver.java:582)
at org.openqa.selenium.remote.RemoteWebDriver.findElement(RemoteWebDriver.java:333)
at org.openqa.selenium.remote.RemoteWebDriver.findElementByXPath(RemoteWebDriver.java:451)
at org.openqa.selenium.By$ByXPath.findElement(By.java:394)
at org.openqa.selenium.remote.RemoteWebDriver.findElement(RemoteWebDriver.java:325)
at org.openqa.selenium.support.pagefactory.DefaultElementLocator.findElement(DefaultElementLocator.java:70)
at org.openqa.selenium.support.pagefactory.internal.LocatingElementHandler.invoke(LocatingElementHandler.java:39)
at com.sun.proxy.$Proxy20.click(Unknown Source)
at com.michaelkors.pageObjects.ShoesPage.clickkekesuedepump(ShoesPage.java:97)
at com.michaelkors.testCases.TC_ShoesTest_009.ShoesTest(TC_ShoesTest_009.java:26)
at sun.reflect.NativeMethodAccessorImpl.invoke0(Native Method)
at sun.reflect.NativeMethodAccessorImpl.invoke(NativeMethodAccessorImpl.java:62)
at sun.reflect.DelegatingMethodAccessorImpl.invoke(DelegatingMethodAccessorImpl.java:43)
at java.lang.reflect.Method.invoke(Method.java:498)
at org.testng.internal.MethodInvocationHelper.invokeMethod(MethodInvocationHelper.java:132)
at org.testng.internal.TestInvoker.invokeMethod(TestInvoker.java:599)
at org.testng.internal.TestInvoker.invokeTestMethod(TestInvoker.java:174)
at org.testng.internal.MethodRunner.runInSequence(MethodRunner.java:46)
at org.testng.internal.TestInvoker$MethodInvocationAgent.invoke(TestInvoker.java:822)
at org.testng.internal.TestInvoker.invokeTestMethods(TestInvoker.java:147)
at org.testng.internal.TestMethodWorker.invokeTestMethods(TestMethodWorker.java:146)
at org.testng.internal.TestMethodWorker.run(TestMethodWorker.java:128)
at java.util.ArrayList.forEach(ArrayList.java:1257)
at org.testng.TestRunner.privateRun(TestRunner.java:764)
at org.testng.TestRunner.run(TestRunner.java:585)
at org.testng.SuiteRunner.runTest(SuiteRunner.java:384)
at org.testng.SuiteRunner.runSequentially(SuiteRunner.java:378)
at org.testng.SuiteRunner.privateRun(SuiteRunner.java:337)
at org.testng.SuiteRunner.run(SuiteRunner.java:286)
at org.testng.SuiteRunnerWorker.runSuite(SuiteRunnerWorker.java:53)
at org.testng.SuiteRunnerWorker.run(SuiteRunnerWorker.java:96)
at org.testng.TestNG.runSuitesSequentially(TestNG.java:1218)
at org.testng.TestNG.runSuitesLocally(TestNG.java:1140)
at org.testng.TestNG.runSuites(TestNG.java:1069)
at org.testng.TestNG.run(TestNG.java:1037)
at org.apache.maven.surefire.testng.TestNGExecutor.run(TestNGExecutor.java:284)
at org.apache.maven.surefire.testng.TestNGXmlTestSuite.execute(TestNGXmlTestSuite.java:75)
at org.apache.maven.surefire.testng.TestNGProvider.invoke(TestNGProvider.java:119)
at org.apache.maven.surefire.booter.ForkedBooter.runSuitesInProcess(ForkedBooter.java:428)
at org.apache.maven.surefire.booter.ForkedBooter.execute(ForkedBooter.java:162)
at org.apache.maven.surefire.booter.ForkedBooter.run(ForkedBooter.java:562)
at org.apache.maven.surefire.booter.ForkedBooter.main(ForkedBooter.java:548)
]]>
            </full-stacktrace>
          </exception> <!-- org.openqa.selenium.NoSuchElementException -->
          <reporter-output>
          </reporter-output>
        </test-method> <!-- ShoesTest -->
        <test-method status="PASS" signature="tearDown()[pri:0, instance:com.michaelkors.testCases.TC_ShoesTest_009@77c2494c]" name="tearDown" is-config="true" duration-ms="101" started-at="2020-12-18T08:33:40 EST" finished-at="2020-12-18T08:33:40 EST">
          <reporter-output>
          </reporter-output>
        </test-method> <!-- tearDown -->
      </class> <!-- com.michaelkors.testCases.TC_ShoesTest_009 -->
      <class name="com.michaelkors.testCases.TC_MenTest_006">
        <test-method status="PASS" signature="setup(java.lang.String)[pri:0, instance:com.michaelkors.testCases.TC_MenTest_006@477b4cdf]" name="setup" is-config="true" duration-ms="3347" started-at="2020-12-18T08:32:26 EST" finished-at="2020-12-18T08:32:30 EST">
          <params>
            <param index="0">
              <value>
                <![CDATA[chrome]]>
              </value>
            </param>
          </params>
          <reporter-output>
          </reporter-output>
        </test-method> <!-- setup -->
        <test-method status="FAIL" signature="MenTest()[pri:0, instance:com.michaelkors.testCases.TC_MenTest_006@477b4cdf]" name="MenTest" duration-ms="22463" started-at="2020-12-18T08:32:30 EST" finished-at="2020-12-18T08:32:52 EST">
          <exception class="org.openqa.selenium.ElementClickInterceptedException">
            <message>
              <![CDATA[element click intercepted: Element <div class="Select-value">...</div> is not clickable at point (1129, 516). Other element would receive the click: <label>...</label>
  (Session info: chrome=87.0.4280.88)
Build info: version: '4.0.0-alpha-6', revision: '5f43a29cfc'
System info: host: 'LAPTOP-IIRF7F8F', ip: '192.168.4.29', os.name: 'Windows 10', os.arch: 'amd64', os.version: '10.0', java.version: '1.8.0_221'
Driver info: org.openqa.selenium.chrome.ChromeDriver
Capabilities {acceptInsecureCerts: false, browserName: chrome, browserVersion: 87.0.4280.88, chrome: {chromedriverVersion: 87.0.4280.88 (89e2380a3e36c..., userDataDir: C:\Users\muhas\AppData\Loca...}, goog:chromeOptions: {debuggerAddress: localhost:56423}, javascriptEnabled: true, networkConnectionEnabled: false, pageLoadStrategy: normal, platform: WINDOWS, platformName: WINDOWS, proxy: Proxy(), setWindowRect: true, strictFileInteractability: false, timeouts: {implicit: 0, pageLoad: 300000, script: 30000}, unhandledPromptBehavior: dismiss and notify, webauthn:virtualAuthenticators: true}
Session ID: 1d840905854cda30165e0ab3f91073d8]]>
            </message>
            <full-stacktrace>
              <![CDATA[org.openqa.selenium.ElementClickInterceptedException: element click intercepted: Element <div class="Select-value">...</div> is not clickable at point (1129, 516). Other element would receive the click: <label>...</label>
  (Session info: chrome=87.0.4280.88)
Build info: version: '4.0.0-alpha-6', revision: '5f43a29cfc'
System info: host: 'LAPTOP-IIRF7F8F', ip: '192.168.4.29', os.name: 'Windows 10', os.arch: 'amd64', os.version: '10.0', java.version: '1.8.0_221'
Driver info: org.openqa.selenium.chrome.ChromeDriver
Capabilities {acceptInsecureCerts: false, browserName: chrome, browserVersion: 87.0.4280.88, chrome: {chromedriverVersion: 87.0.4280.88 (89e2380a3e36c..., userDataDir: C:\Users\muhas\AppData\Loca...}, goog:chromeOptions: {debuggerAddress: localhost:56423}, javascriptEnabled: true, networkConnectionEnabled: false, pageLoadStrategy: normal, platform: WINDOWS, platformName: WINDOWS, proxy: Proxy(), setWindowRect: true, strictFileInteractability: false, timeouts: {implicit: 0, pageLoad: 300000, script: 30000}, unhandledPromptBehavior: dismiss and notify, webauthn:virtualAuthenticators: true}
Session ID: 1d840905854cda30165e0ab3f91073d8
at sun.reflect.NativeConstructorAccessorImpl.newInstance0(Native Method)
at sun.reflect.NativeConstructorAccessorImpl.newInstance(NativeConstructorAccessorImpl.java:62)
at sun.reflect.DelegatingConstructorAccessorImpl.newInstance(DelegatingConstructorAccessorImpl.java:45)
at java.lang.reflect.Constructor.newInstance(Constructor.java:423)
at org.openqa.selenium.remote.codec.w3c.W3CHttpResponseCodec.createException(W3CHttpResponseCodec.java:196)
at org.openqa.selenium.remote.codec.w3c.W3CHttpResponseCodec.decode(W3CHttpResponseCodec.java:129)
at org.openqa.selenium.remote.codec.w3c.W3CHttpResponseCodec.decode(W3CHttpResponseCodec.java:53)
at org.openqa.selenium.remote.HttpCommandExecutor.execute(HttpCommandExecutor.java:160)
at org.openqa.selenium.remote.service.DriverCommandExecutor.execute(DriverCommandExecutor.java:83)
at org.openqa.selenium.remote.RemoteWebDriver.execute(RemoteWebDriver.java:582)
at org.openqa.selenium.remote.RemoteWebElement.execute(RemoteWebElement.java:316)
at org.openqa.selenium.remote.RemoteWebElement.click(RemoteWebElement.java:85)
at sun.reflect.GeneratedMethodAccessor4.invoke(Unknown Source)
at sun.reflect.DelegatingMethodAccessorImpl.invoke(DelegatingMethodAccessorImpl.java:43)
at java.lang.reflect.Method.invoke(Method.java:498)
at org.openqa.selenium.support.pagefactory.internal.LocatingElementHandler.invoke(LocatingElementHandler.java:52)
at com.sun.proxy.$Proxy20.click(Unknown Source)
at com.michaelkors.pageObjects.MenPage.clickdropdown(MenPage.java:86)
at com.michaelkors.testCases.TC_MenTest_006.MenTest(TC_MenTest_006.java:29)
at sun.reflect.NativeMethodAccessorImpl.invoke0(Native Method)
at sun.reflect.NativeMethodAccessorImpl.invoke(NativeMethodAccessorImpl.java:62)
at sun.reflect.DelegatingMethodAccessorImpl.invoke(DelegatingMethodAccessorImpl.java:43)
at java.lang.reflect.Method.invoke(Method.java:498)
at org.testng.internal.MethodInvocationHelper.invokeMethod(MethodInvocationHelper.java:132)
at org.testng.internal.TestInvoker.invokeMethod(TestInvoker.java:599)
at org.testng.internal.TestInvoker.invokeTestMethod(TestInvoker.java:174)
at org.testng.internal.MethodRunner.runInSequence(MethodRunner.java:46)
at org.testng.internal.TestInvoker$MethodInvocationAgent.invoke(TestInvoker.java:822)
at org.testng.internal.TestInvoker.invokeTestMethods(TestInvoker.java:147)
at org.testng.internal.TestMethodWorker.invokeTestMethods(TestMethodWorker.java:146)
at org.testng.internal.TestMethodWorker.run(TestMethodWorker.java:128)
at java.util.ArrayList.forEach(ArrayList.java:1257)
at org.testng.TestRunner.privateRun(TestRunner.java:764)
at org.testng.TestRunner.run(TestRunner.java:585)
at org.testng.SuiteRunner.runTest(SuiteRunner.java:384)
at org.testng.SuiteRunner.runSequentially(SuiteRunner.java:378)
at org.testng.SuiteRunner.privateRun(SuiteRunner.java:337)
at org.testng.SuiteRunner.run(SuiteRunner.java:286)
at org.testng.SuiteRunnerWorker.runSuite(SuiteRunnerWorker.java:53)
at org.testng.SuiteRunnerWorker.run(SuiteRunnerWorker.java:96)
at org.testng.TestNG.runSuitesSequentially(TestNG.java:1218)
at org.testng.TestNG.runSuitesLocally(TestNG.java:1140)
at org.testng.TestNG.runSuites(TestNG.java:1069)
at org.testng.TestNG.run(TestNG.java:1037)
at org.apache.maven.surefire.testng.TestNGExecutor.run(TestNGExecutor.java:284)
at org.apache.maven.surefire.testng.TestNGXmlTestSuite.execute(TestNGXmlTestSuite.java:75)
at org.apache.maven.surefire.testng.TestNGProvider.invoke(TestNGProvider.java:119)
at org.apache.maven.surefire.booter.ForkedBooter.runSuitesInProcess(ForkedBooter.java:428)
at org.apache.maven.surefire.booter.ForkedBooter.execute(ForkedBooter.java:162)
at org.apache.maven.surefire.booter.ForkedBooter.run(ForkedBooter.java:562)
at org.apache.maven.surefire.booter.ForkedBooter.main(ForkedBooter.java:548)
]]>
            </full-stacktrace>
          </exception> <!-- org.openqa.selenium.ElementClickInterceptedException -->
          <reporter-output>
          </reporter-output>
        </test-method> <!-- MenTest -->
        <test-method status="PASS" signature="tearDown()[pri:0, instance:com.michaelkors.testCases.TC_MenTest_006@477b4cdf]" name="tearDown" is-config="true" duration-ms="116" started-at="2020-12-18T08:32:52 EST" finished-at="2020-12-18T08:32:52 EST">
          <reporter-output>
          </reporter-output>
        </test-method> <!-- tearDown -->
      </class> <!-- com.michaelkors.testCases.TC_MenTest_006 -->
      <class name="com.michaelkors.testCases.TC_LoginTest_003">
        <test-method status="PASS" signature="setup(java.lang.String)[pri:0, instance:com.michaelkors.testCases.TC_LoginTest_003@3eb25e1a]" name="setup" is-config="true" duration-ms="3429" started-at="2020-12-18T08:32:02 EST" finished-at="2020-12-18T08:32:05 EST">
          <params>
            <param index="0">
              <value>
                <![CDATA[chrome]]>
              </value>
            </param>
          </params>
          <reporter-output>
          </reporter-output>
        </test-method> <!-- setup -->
        <test-method status="FAIL" signature="LoginTest()[pri:0, instance:com.michaelkors.testCases.TC_LoginTest_003@3eb25e1a]" name="LoginTest" duration-ms="20904" started-at="2020-12-18T08:32:05 EST" finished-at="2020-12-18T08:32:26 EST">
          <exception class="org.openqa.selenium.StaleElementReferenceException">
            <message>
              <![CDATA[stale element reference: element is not attached to the page document
  (Session info: chrome=87.0.4280.88)
For documentation on this error, please visit: https://selenium.dev/exceptions/#stale_element_reference
Build info: version: '4.0.0-alpha-6', revision: '5f43a29cfc'
System info: host: 'LAPTOP-IIRF7F8F', ip: '192.168.4.29', os.name: 'Windows 10', os.arch: 'amd64', os.version: '10.0', java.version: '1.8.0_221'
Driver info: org.openqa.selenium.chrome.ChromeDriver
Capabilities {acceptInsecureCerts: false, browserName: chrome, browserVersion: 87.0.4280.88, chrome: {chromedriverVersion: 87.0.4280.88 (89e2380a3e36c..., userDataDir: C:\Users\muhas\AppData\Loca...}, goog:chromeOptions: {debuggerAddress: localhost:56286}, javascriptEnabled: true, networkConnectionEnabled: false, pageLoadStrategy: normal, platform: WINDOWS, platformName: WINDOWS, proxy: Proxy(), setWindowRect: true, strictFileInteractability: false, timeouts: {implicit: 0, pageLoad: 300000, script: 30000}, unhandledPromptBehavior: dismiss and notify, webauthn:virtualAuthenticators: true}
Session ID: 14a10d4273fa1d117a049edcefb61e63]]>
            </message>
            <full-stacktrace>
              <![CDATA[org.openqa.selenium.StaleElementReferenceException: stale element reference: element is not attached to the page document
  (Session info: chrome=87.0.4280.88)
For documentation on this error, please visit: https://selenium.dev/exceptions/#stale_element_reference
Build info: version: '4.0.0-alpha-6', revision: '5f43a29cfc'
System info: host: 'LAPTOP-IIRF7F8F', ip: '192.168.4.29', os.name: 'Windows 10', os.arch: 'amd64', os.version: '10.0', java.version: '1.8.0_221'
Driver info: org.openqa.selenium.chrome.ChromeDriver
Capabilities {acceptInsecureCerts: false, browserName: chrome, browserVersion: 87.0.4280.88, chrome: {chromedriverVersion: 87.0.4280.88 (89e2380a3e36c..., userDataDir: C:\Users\muhas\AppData\Loca...}, goog:chromeOptions: {debuggerAddress: localhost:56286}, javascriptEnabled: true, networkConnectionEnabled: false, pageLoadStrategy: normal, platform: WINDOWS, platformName: WINDOWS, proxy: Proxy(), setWindowRect: true, strictFileInteractability: false, timeouts: {implicit: 0, pageLoad: 300000, script: 30000}, unhandledPromptBehavior: dismiss and notify, webauthn:virtualAuthenticators: true}
Session ID: 14a10d4273fa1d117a049edcefb61e63
at sun.reflect.NativeConstructorAccessorImpl.newInstance0(Native Method)
at sun.reflect.NativeConstructorAccessorImpl.newInstance(NativeConstructorAccessorImpl.java:62)
at sun.reflect.DelegatingConstructorAccessorImpl.newInstance(DelegatingConstructorAccessorImpl.java:45)
at java.lang.reflect.Constructor.newInstance(Constructor.java:423)
at org.openqa.selenium.remote.codec.w3c.W3CHttpResponseCodec.createException(W3CHttpResponseCodec.java:196)
at org.openqa.selenium.remote.codec.w3c.W3CHttpResponseCodec.decode(W3CHttpResponseCodec.java:129)
at org.openqa.selenium.remote.codec.w3c.W3CHttpResponseCodec.decode(W3CHttpResponseCodec.java:53)
at org.openqa.selenium.remote.HttpCommandExecutor.execute(HttpCommandExecutor.java:160)
at org.openqa.selenium.remote.service.DriverCommandExecutor.execute(DriverCommandExecutor.java:83)
at org.openqa.selenium.remote.RemoteWebDriver.execute(RemoteWebDriver.java:582)
at org.openqa.selenium.remote.RemoteWebDriver.perform(RemoteWebDriver.java:652)
at org.openqa.selenium.interactions.Actions$BuiltAction.perform(Actions.java:613)
at org.openqa.selenium.interactions.Actions.perform(Actions.java:569)
at com.michaelkors.pageObjects.LoginPage.clicksignout(LoginPage.java:74)
at com.michaelkors.testCases.TC_LoginTest_003.LoginTest(TC_LoginTest_003.java:32)
at sun.reflect.NativeMethodAccessorImpl.invoke0(Native Method)
at sun.reflect.NativeMethodAccessorImpl.invoke(NativeMethodAccessorImpl.java:62)
at sun.reflect.DelegatingMethodAccessorImpl.invoke(DelegatingMethodAccessorImpl.java:43)
at java.lang.reflect.Method.invoke(Method.java:498)
at org.testng.internal.MethodInvocationHelper.invokeMethod(MethodInvocationHelper.java:132)
at org.testng.internal.TestInvoker.invokeMethod(TestInvoker.java:599)
at org.testng.internal.TestInvoker.invokeTestMethod(TestInvoker.java:174)
at org.testng.internal.MethodRunner.runInSequence(MethodRunner.java:46)
at org.testng.internal.TestInvoker$MethodInvocationAgent.invoke(TestInvoker.java:822)
at org.testng.internal.TestInvoker.invokeTestMethods(TestInvoker.java:147)
at org.testng.internal.TestMethodWorker.invokeTestMethods(TestMethodWorker.java:146)
at org.testng.internal.TestMethodWorker.run(TestMethodWorker.java:128)
at java.util.ArrayList.forEach(ArrayList.java:1257)
at org.testng.TestRunner.privateRun(TestRunner.java:764)
at org.testng.TestRunner.run(TestRunner.java:585)
at org.testng.SuiteRunner.runTest(SuiteRunner.java:384)
at org.testng.SuiteRunner.runSequentially(SuiteRunner.java:378)
at org.testng.SuiteRunner.privateRun(SuiteRunner.java:337)
at org.testng.SuiteRunner.run(SuiteRunner.java:286)
at org.testng.SuiteRunnerWorker.runSuite(SuiteRunnerWorker.java:53)
at org.testng.SuiteRunnerWorker.run(SuiteRunnerWorker.java:96)
at org.testng.TestNG.runSuitesSequentially(TestNG.java:1218)
at org.testng.TestNG.runSuitesLocally(TestNG.java:1140)
at org.testng.TestNG.runSuites(TestNG.java:1069)
at org.testng.TestNG.run(TestNG.java:1037)
at org.apache.maven.surefire.testng.TestNGExecutor.run(TestNGExecutor.java:284)
at org.apache.maven.surefire.testng.TestNGXmlTestSuite.execute(TestNGXmlTestSuite.java:75)
at org.apache.maven.surefire.testng.TestNGProvider.invoke(TestNGProvider.java:119)
at org.apache.maven.surefire.booter.ForkedBooter.runSuitesInProcess(ForkedBooter.java:428)
at org.apache.maven.surefire.booter.ForkedBooter.execute(ForkedBooter.java:162)
at org.apache.maven.surefire.booter.ForkedBooter.run(ForkedBooter.java:562)
at org.apache.maven.surefire.booter.ForkedBooter.main(ForkedBooter.java:548)
]]>
            </full-stacktrace>
          </exception> <!-- org.openqa.selenium.StaleElementReferenceException -->
          <reporter-output>
          </reporter-output>
        </test-method> <!-- LoginTest -->
        <test-method status="PASS" signature="tearDown()[pri:0, instance:com.michaelkors.testCases.TC_LoginTest_003@3eb25e1a]" name="tearDown" is-config="true" duration-ms="57" started-at="2020-12-18T08:32:26 EST" finished-at="2020-12-18T08:32:26 EST">
          <reporter-output>
          </reporter-output>
        </test-method> <!-- tearDown -->
      </class> <!-- com.michaelkors.testCases.TC_LoginTest_003 -->
      <class name="com.michaelkors.testCases.TC_WalletsTest_008">
        <test-method status="PASS" signature="setup(java.lang.String)[pri:0, instance:com.michaelkors.testCases.TC_WalletsTest_008@f5958c9]" name="setup" is-config="true" duration-ms="3358" started-at="2020-12-18T08:33:40 EST" finished-at="2020-12-18T08:33:44 EST">
          <params>
            <param index="0">
              <value>
                <![CDATA[chrome]]>
              </value>
            </param>
          </params>
          <reporter-output>
          </reporter-output>
        </test-method> <!-- setup -->
        <test-method status="FAIL" signature="WalletsTest()[pri:0, instance:com.michaelkors.testCases.TC_WalletsTest_008@f5958c9]" name="WalletsTest" duration-ms="65507" started-at="2020-12-18T08:33:44 EST" finished-at="2020-12-18T08:34:49 EST">
          <exception class="org.openqa.selenium.ElementNotInteractableException">
            <message>
              <![CDATA[element not interactable
  (Session info: chrome=87.0.4280.88)
Build info: version: '4.0.0-alpha-6', revision: '5f43a29cfc'
System info: host: 'LAPTOP-IIRF7F8F', ip: '192.168.4.29', os.name: 'Windows 10', os.arch: 'amd64', os.version: '10.0', java.version: '1.8.0_221'
Driver info: org.openqa.selenium.chrome.ChromeDriver
Capabilities {acceptInsecureCerts: false, browserName: chrome, browserVersion: 87.0.4280.88, chrome: {chromedriverVersion: 87.0.4280.88 (89e2380a3e36c..., userDataDir: C:\Users\muhas\AppData\Loca...}, goog:chromeOptions: {debuggerAddress: localhost:56757}, javascriptEnabled: true, networkConnectionEnabled: false, pageLoadStrategy: normal, platform: WINDOWS, platformName: WINDOWS, proxy: Proxy(), setWindowRect: true, strictFileInteractability: false, timeouts: {implicit: 0, pageLoad: 300000, script: 30000}, unhandledPromptBehavior: dismiss and notify, webauthn:virtualAuthenticators: true}
Session ID: e6301fdfa85654b40bf37b4c68c108fc]]>
            </message>
            <full-stacktrace>
              <![CDATA[org.openqa.selenium.ElementNotInteractableException: element not interactable
  (Session info: chrome=87.0.4280.88)
Build info: version: '4.0.0-alpha-6', revision: '5f43a29cfc'
System info: host: 'LAPTOP-IIRF7F8F', ip: '192.168.4.29', os.name: 'Windows 10', os.arch: 'amd64', os.version: '10.0', java.version: '1.8.0_221'
Driver info: org.openqa.selenium.chrome.ChromeDriver
Capabilities {acceptInsecureCerts: false, browserName: chrome, browserVersion: 87.0.4280.88, chrome: {chromedriverVersion: 87.0.4280.88 (89e2380a3e36c..., userDataDir: C:\Users\muhas\AppData\Loca...}, goog:chromeOptions: {debuggerAddress: localhost:56757}, javascriptEnabled: true, networkConnectionEnabled: false, pageLoadStrategy: normal, platform: WINDOWS, platformName: WINDOWS, proxy: Proxy(), setWindowRect: true, strictFileInteractability: false, timeouts: {implicit: 0, pageLoad: 300000, script: 30000}, unhandledPromptBehavior: dismiss and notify, webauthn:virtualAuthenticators: true}
Session ID: e6301fdfa85654b40bf37b4c68c108fc
at sun.reflect.NativeConstructorAccessorImpl.newInstance0(Native Method)
at sun.reflect.NativeConstructorAccessorImpl.newInstance(NativeConstructorAccessorImpl.java:62)
at sun.reflect.DelegatingConstructorAccessorImpl.newInstance(DelegatingConstructorAccessorImpl.java:45)
at java.lang.reflect.Constructor.newInstance(Constructor.java:423)
at org.openqa.selenium.remote.codec.w3c.W3CHttpResponseCodec.createException(W3CHttpResponseCodec.java:196)
at org.openqa.selenium.remote.codec.w3c.W3CHttpResponseCodec.decode(W3CHttpResponseCodec.java:129)
at org.openqa.selenium.remote.codec.w3c.W3CHttpResponseCodec.decode(W3CHttpResponseCodec.java:53)
at org.openqa.selenium.remote.HttpCommandExecutor.execute(HttpCommandExecutor.java:160)
at org.openqa.selenium.remote.service.DriverCommandExecutor.execute(DriverCommandExecutor.java:83)
at org.openqa.selenium.remote.RemoteWebDriver.execute(RemoteWebDriver.java:582)
at org.openqa.selenium.remote.RemoteWebElement.execute(RemoteWebElement.java:316)
at org.openqa.selenium.remote.RemoteWebElement.click(RemoteWebElement.java:85)
at sun.reflect.GeneratedMethodAccessor4.invoke(Unknown Source)
at sun.reflect.DelegatingMethodAccessorImpl.invoke(DelegatingMethodAccessorImpl.java:43)
at java.lang.reflect.Method.invoke(Method.java:498)
at org.openqa.selenium.support.pagefactory.internal.LocatingElementHandler.invoke(LocatingElementHandler.java:52)
at com.sun.proxy.$Proxy20.click(Unknown Source)
at com.michaelkors.pageObjects.WalletsPage.clickdropdown(WalletsPage.java:104)
at com.michaelkors.testCases.TC_WalletsTest_008.WalletsTest(TC_WalletsTest_008.java:27)
at sun.reflect.NativeMethodAccessorImpl.invoke0(Native Method)
at sun.reflect.NativeMethodAccessorImpl.invoke(NativeMethodAccessorImpl.java:62)
at sun.reflect.DelegatingMethodAccessorImpl.invoke(DelegatingMethodAccessorImpl.java:43)
at java.lang.reflect.Method.invoke(Method.java:498)
at org.testng.internal.MethodInvocationHelper.invokeMethod(MethodInvocationHelper.java:132)
at org.testng.internal.TestInvoker.invokeMethod(TestInvoker.java:599)
at org.testng.internal.TestInvoker.invokeTestMethod(TestInvoker.java:174)
at org.testng.internal.MethodRunner.runInSequence(MethodRunner.java:46)
at org.testng.internal.TestInvoker$MethodInvocationAgent.invoke(TestInvoker.java:822)
at org.testng.internal.TestInvoker.invokeTestMethods(TestInvoker.java:147)
at org.testng.internal.TestMethodWorker.invokeTestMethods(TestMethodWorker.java:146)
at org.testng.internal.TestMethodWorker.run(TestMethodWorker.java:128)
at java.util.ArrayList.forEach(ArrayList.java:1257)
at org.testng.TestRunner.privateRun(TestRunner.java:764)
at org.testng.TestRunner.run(TestRunner.java:585)
at org.testng.SuiteRunner.runTest(SuiteRunner.java:384)
at org.testng.SuiteRunner.runSequentially(SuiteRunner.java:378)
at org.testng.SuiteRunner.privateRun(SuiteRunner.java:337)
at org.testng.SuiteRunner.run(SuiteRunner.java:286)
at org.testng.SuiteRunnerWorker.runSuite(SuiteRunnerWorker.java:53)
at org.testng.SuiteRunnerWorker.run(SuiteRunnerWorker.java:96)
at org.testng.TestNG.runSuitesSequentially(TestNG.java:1218)
at org.testng.TestNG.runSuitesLocally(TestNG.java:1140)
at org.testng.TestNG.runSuites(TestNG.java:1069)
at org.testng.TestNG.run(TestNG.java:1037)
at org.apache.maven.surefire.testng.TestNGExecutor.run(TestNGExecutor.java:284)
at org.apache.maven.surefire.testng.TestNGXmlTestSuite.execute(TestNGXmlTestSuite.java:75)
at org.apache.maven.surefire.testng.TestNGProvider.invoke(TestNGProvider.java:119)
at org.apache.maven.surefire.booter.ForkedBooter.runSuitesInProcess(ForkedBooter.java:428)
at org.apache.maven.surefire.booter.ForkedBooter.execute(ForkedBooter.java:162)
at org.apache.maven.surefire.booter.ForkedBooter.run(ForkedBooter.java:562)
at org.apache.maven.surefire.booter.ForkedBooter.main(ForkedBooter.java:548)
]]>
            </full-stacktrace>
          </exception> <!-- org.openqa.selenium.ElementNotInteractableException -->
          <reporter-output>
          </reporter-output>
        </test-method> <!-- WalletsTest -->
        <test-method status="PASS" signature="tearDown()[pri:0, instance:com.michaelkors.testCases.TC_WalletsTest_008@f5958c9]" name="tearDown" is-config="true" duration-ms="62" started-at="2020-12-18T08:34:49 EST" finished-at="2020-12-18T08:34:49 EST">
          <reporter-output>
          </reporter-output>
        </test-method> <!-- tearDown -->
      </class> <!-- com.michaelkors.testCases.TC_WalletsTest_008 -->
    </test> <!-- michaelkorsTests -->
  </suite> <!-- michaelkors Group Suite -->
  <suite name="michaelkors Master Suite" duration-ms="478471" started-at="2020-12-18T08:22:46 EST" finished-at="2020-12-18T08:30:45 EST">
    <groups>
      <group name="regression">
        <method signature="TC_HandBagsTest_007.HandBagsTest()[pri:0, instance:com.michaelkors.testCases.TC_HandBagsTest_007@75d4a5c2]" name="HandBagsTest" class="com.michaelkors.testCases.TC_HandBagsTest_007"/>
        <method signature="TC_JoinTest_001.JoinTest()[pri:0, instance:com.michaelkors.testCases.TC_JoinTest_001@408d971b]" name="JoinTest" class="com.michaelkors.testCases.TC_JoinTest_001"/>
        <method signature="TC_LoginTest_003.LoginTest()[pri:0, instance:com.michaelkors.testCases.TC_LoginTest_003@3c46e67a]" name="LoginTest" class="com.michaelkors.testCases.TC_LoginTest_003"/>
        <method signature="TC_ShoesTest_009.ShoesTest()[pri:0, instance:com.michaelkors.testCases.TC_ShoesTest_009@206a70ef]" name="ShoesTest" class="com.michaelkors.testCases.TC_ShoesTest_009"/>
        <method signature="TC_WalletsTest_008.WalletsTest()[pri:0, instance:com.michaelkors.testCases.TC_WalletsTest_008@292b08d6]" name="WalletsTest" class="com.michaelkors.testCases.TC_WalletsTest_008"/>
        <method signature="TC_WomenTest_005.WomenTest()[pri:0, instance:com.michaelkors.testCases.TC_WomenTest_005@22555ebf]" name="WomenTest" class="com.michaelkors.testCases.TC_WomenTest_005"/>
      </group> <!-- regression -->
      <group name="sanity">
        <method signature="TC_HandBagsTest_007.HandBagsTest()[pri:0, instance:com.michaelkors.testCases.TC_HandBagsTest_007@75d4a5c2]" name="HandBagsTest" class="com.michaelkors.testCases.TC_HandBagsTest_007"/>
        <method signature="TC_JoinTest_001.JoinTest()[pri:0, instance:com.michaelkors.testCases.TC_JoinTest_001@408d971b]" name="JoinTest" class="com.michaelkors.testCases.TC_JoinTest_001"/>
        <method signature="TC_LoginTest_003.LoginTest()[pri:0, instance:com.michaelkors.testCases.TC_LoginTest_003@3c46e67a]" name="LoginTest" class="com.michaelkors.testCases.TC_LoginTest_003"/>
        <method signature="TC_MenTest_006.MenTest()[pri:0, instance:com.michaelkors.testCases.TC_MenTest_006@c730b35]" name="MenTest" class="com.michaelkors.testCases.TC_MenTest_006"/>
        <method signature="TC_ShoesTest_009.ShoesTest()[pri:0, instance:com.michaelkors.testCases.TC_ShoesTest_009@206a70ef]" name="ShoesTest" class="com.michaelkors.testCases.TC_ShoesTest_009"/>
        <method signature="TC_WalletsTest_008.WalletsTest()[pri:0, instance:com.michaelkors.testCases.TC_WalletsTest_008@292b08d6]" name="WalletsTest" class="com.michaelkors.testCases.TC_WalletsTest_008"/>
      </group> <!-- sanity -->
      <group name="master">
        <method signature="TC_HandBagsTest_007.HandBagsTest()[pri:0, instance:com.michaelkors.testCases.TC_HandBagsTest_007@75d4a5c2]" name="HandBagsTest" class="com.michaelkors.testCases.TC_HandBagsTest_007"/>
        <method signature="TC_JoinDDT_002.JoinDDT(java.lang.String, java.lang.String, java.lang.String, java.lang.String, java.lang.String, java.lang.String, java.lang.String, java.lang.String, java.lang.String)[pri:0, instance:com.michaelkors.testCases.TC_JoinDDT_002@557caf28]" name="JoinDDT" class="com.michaelkors.testCases.TC_JoinDDT_002"/>
        <method signature="TC_JoinTest_001.JoinTest()[pri:0, instance:com.michaelkors.testCases.TC_JoinTest_001@408d971b]" name="JoinTest" class="com.michaelkors.testCases.TC_JoinTest_001"/>
        <method signature="TC_LoginDDT_004.loginTest(java.lang.String, java.lang.String, java.lang.String)[pri:0, instance:com.michaelkors.testCases.TC_LoginDDT_004@6c6cb480]" name="loginTest" class="com.michaelkors.testCases.TC_LoginDDT_004"/>
        <method signature="TC_LoginTest_003.LoginTest()[pri:0, instance:com.michaelkors.testCases.TC_LoginTest_003@3c46e67a]" name="LoginTest" class="com.michaelkors.testCases.TC_LoginTest_003"/>
        <method signature="TC_MenTest_006.MenTest()[pri:0, instance:com.michaelkors.testCases.TC_MenTest_006@c730b35]" name="MenTest" class="com.michaelkors.testCases.TC_MenTest_006"/>
        <method signature="TC_ShoesTest_009.ShoesTest()[pri:0, instance:com.michaelkors.testCases.TC_ShoesTest_009@206a70ef]" name="ShoesTest" class="com.michaelkors.testCases.TC_ShoesTest_009"/>
        <method signature="TC_WalletsTest_008.WalletsTest()[pri:0, instance:com.michaelkors.testCases.TC_WalletsTest_008@292b08d6]" name="WalletsTest" class="com.michaelkors.testCases.TC_WalletsTest_008"/>
        <method signature="TC_WomenTest_005.WomenTest()[pri:0, instance:com.michaelkors.testCases.TC_WomenTest_005@22555ebf]" name="WomenTest" class="com.michaelkors.testCases.TC_WomenTest_005"/>
      </group> <!-- master -->
    </groups>
    <test name="michaelkorsTests" duration-ms="478471" started-at="2020-12-18T08:22:46 EST" finished-at="2020-12-18T08:30:45 EST">
      <class name="com.michaelkors.testCases.TC_JoinTest_001">
        <test-method status="PASS" signature="setup(java.lang.String)[pri:0, instance:com.michaelkors.testCases.TC_JoinTest_001@408d971b]" name="setup" is-config="true" duration-ms="3451" started-at="2020-12-18T08:24:28 EST" finished-at="2020-12-18T08:24:31 EST">
          <params>
            <param index="0">
              <value>
                <![CDATA[chrome]]>
              </value>
            </param>
          </params>
          <reporter-output>
          </reporter-output>
        </test-method> <!-- setup -->
        <test-method status="PASS" signature="JoinTest()[pri:0, instance:com.michaelkors.testCases.TC_JoinTest_001@408d971b]" name="JoinTest" duration-ms="20113" started-at="2020-12-18T08:24:31 EST" finished-at="2020-12-18T08:24:51 EST">
          <reporter-output>
          </reporter-output>
        </test-method> <!-- JoinTest -->
        <test-method status="PASS" signature="tearDown()[pri:0, instance:com.michaelkors.testCases.TC_JoinTest_001@408d971b]" name="tearDown" is-config="true" duration-ms="48" started-at="2020-12-18T08:24:51 EST" finished-at="2020-12-18T08:24:51 EST">
          <reporter-output>
          </reporter-output>
        </test-method> <!-- tearDown -->
      </class> <!-- com.michaelkors.testCases.TC_JoinTest_001 -->
      <class name="com.michaelkors.testCases.TC_HandBagsTest_007">
        <test-method status="PASS" signature="setup(java.lang.String)[pri:0, instance:com.michaelkors.testCases.TC_HandBagsTest_007@75d4a5c2]" name="setup" is-config="true" duration-ms="6213" started-at="2020-12-18T08:22:47 EST" finished-at="2020-12-18T08:22:53 EST">
          <params>
            <param index="0">
              <value>
                <![CDATA[chrome]]>
              </value>
            </param>
          </params>
          <reporter-output>
          </reporter-output>
        </test-method> <!-- setup -->
        <test-method status="FAIL" signature="HandBagsTest()[pri:0, instance:com.michaelkors.testCases.TC_HandBagsTest_007@75d4a5c2]" name="HandBagsTest" duration-ms="19937" started-at="2020-12-18T08:22:53 EST" finished-at="2020-12-18T08:23:13 EST">
          <exception class="org.openqa.selenium.ElementClickInterceptedException">
            <message>
              <![CDATA[element click intercepted: Element <span class="pdp-label color-label">...</span> is not clickable at point (1118, 378). Other element would receive the click: <label>...</label>
  (Session info: chrome=87.0.4280.88)
Build info: version: '4.0.0-alpha-6', revision: '5f43a29cfc'
System info: host: 'LAPTOP-IIRF7F8F', ip: '192.168.4.29', os.name: 'Windows 10', os.arch: 'amd64', os.version: '10.0', java.version: '1.8.0_221'
Driver info: org.openqa.selenium.chrome.ChromeDriver
Capabilities {acceptInsecureCerts: false, browserName: chrome, browserVersion: 87.0.4280.88, chrome: {chromedriverVersion: 87.0.4280.88 (89e2380a3e36c..., userDataDir: C:\Users\muhas\AppData\Loca...}, goog:chromeOptions: {debuggerAddress: localhost:54237}, javascriptEnabled: true, networkConnectionEnabled: false, pageLoadStrategy: normal, platform: WINDOWS, platformName: WINDOWS, proxy: Proxy(), setWindowRect: true, strictFileInteractability: false, timeouts: {implicit: 0, pageLoad: 300000, script: 30000}, unhandledPromptBehavior: dismiss and notify, webauthn:virtualAuthenticators: true}
Session ID: ce621b30f2cb8a35cbcaaf0c8012f3db]]>
            </message>
            <full-stacktrace>
              <![CDATA[org.openqa.selenium.ElementClickInterceptedException: element click intercepted: Element <span class="pdp-label color-label">...</span> is not clickable at point (1118, 378). Other element would receive the click: <label>...</label>
  (Session info: chrome=87.0.4280.88)
Build info: version: '4.0.0-alpha-6', revision: '5f43a29cfc'
System info: host: 'LAPTOP-IIRF7F8F', ip: '192.168.4.29', os.name: 'Windows 10', os.arch: 'amd64', os.version: '10.0', java.version: '1.8.0_221'
Driver info: org.openqa.selenium.chrome.ChromeDriver
Capabilities {acceptInsecureCerts: false, browserName: chrome, browserVersion: 87.0.4280.88, chrome: {chromedriverVersion: 87.0.4280.88 (89e2380a3e36c..., userDataDir: C:\Users\muhas\AppData\Loca...}, goog:chromeOptions: {debuggerAddress: localhost:54237}, javascriptEnabled: true, networkConnectionEnabled: false, pageLoadStrategy: normal, platform: WINDOWS, platformName: WINDOWS, proxy: Proxy(), setWindowRect: true, strictFileInteractability: false, timeouts: {implicit: 0, pageLoad: 300000, script: 30000}, unhandledPromptBehavior: dismiss and notify, webauthn:virtualAuthenticators: true}
Session ID: ce621b30f2cb8a35cbcaaf0c8012f3db
at sun.reflect.NativeConstructorAccessorImpl.newInstance0(Native Method)
at sun.reflect.NativeConstructorAccessorImpl.newInstance(NativeConstructorAccessorImpl.java:62)
at sun.reflect.DelegatingConstructorAccessorImpl.newInstance(DelegatingConstructorAccessorImpl.java:45)
at java.lang.reflect.Constructor.newInstance(Constructor.java:423)
at org.openqa.selenium.remote.codec.w3c.W3CHttpResponseCodec.createException(W3CHttpResponseCodec.java:196)
at org.openqa.selenium.remote.codec.w3c.W3CHttpResponseCodec.decode(W3CHttpResponseCodec.java:129)
at org.openqa.selenium.remote.codec.w3c.W3CHttpResponseCodec.decode(W3CHttpResponseCodec.java:53)
at org.openqa.selenium.remote.HttpCommandExecutor.execute(HttpCommandExecutor.java:160)
at org.openqa.selenium.remote.service.DriverCommandExecutor.execute(DriverCommandExecutor.java:83)
at org.openqa.selenium.remote.RemoteWebDriver.execute(RemoteWebDriver.java:582)
at org.openqa.selenium.remote.RemoteWebElement.execute(RemoteWebElement.java:316)
at org.openqa.selenium.remote.RemoteWebElement.click(RemoteWebElement.java:85)
at sun.reflect.NativeMethodAccessorImpl.invoke0(Native Method)
at sun.reflect.NativeMethodAccessorImpl.invoke(NativeMethodAccessorImpl.java:62)
at sun.reflect.DelegatingMethodAccessorImpl.invoke(DelegatingMethodAccessorImpl.java:43)
at java.lang.reflect.Method.invoke(Method.java:498)
at org.openqa.selenium.support.pagefactory.internal.LocatingElementHandler.invoke(LocatingElementHandler.java:52)
at com.sun.proxy.$Proxy20.click(Unknown Source)
at com.michaelkors.pageObjects.HandBagsPage.clickcolor(HandBagsPage.java:89)
at com.michaelkors.testCases.TC_HandBagsTest_007.HandBagsTest(TC_HandBagsTest_007.java:27)
at sun.reflect.NativeMethodAccessorImpl.invoke0(Native Method)
at sun.reflect.NativeMethodAccessorImpl.invoke(NativeMethodAccessorImpl.java:62)
at sun.reflect.DelegatingMethodAccessorImpl.invoke(DelegatingMethodAccessorImpl.java:43)
at java.lang.reflect.Method.invoke(Method.java:498)
at org.testng.internal.MethodInvocationHelper.invokeMethod(MethodInvocationHelper.java:132)
at org.testng.internal.TestInvoker.invokeMethod(TestInvoker.java:599)
at org.testng.internal.TestInvoker.invokeTestMethod(TestInvoker.java:174)
at org.testng.internal.MethodRunner.runInSequence(MethodRunner.java:46)
at org.testng.internal.TestInvoker$MethodInvocationAgent.invoke(TestInvoker.java:822)
at org.testng.internal.TestInvoker.invokeTestMethods(TestInvoker.java:147)
at org.testng.internal.TestMethodWorker.invokeTestMethods(TestMethodWorker.java:146)
at org.testng.internal.TestMethodWorker.run(TestMethodWorker.java:128)
at java.util.ArrayList.forEach(ArrayList.java:1257)
at org.testng.TestRunner.privateRun(TestRunner.java:764)
at org.testng.TestRunner.run(TestRunner.java:585)
at org.testng.SuiteRunner.runTest(SuiteRunner.java:384)
at org.testng.SuiteRunner.runSequentially(SuiteRunner.java:378)
at org.testng.SuiteRunner.privateRun(SuiteRunner.java:337)
at org.testng.SuiteRunner.run(SuiteRunner.java:286)
at org.testng.SuiteRunnerWorker.runSuite(SuiteRunnerWorker.java:53)
at org.testng.SuiteRunnerWorker.run(SuiteRunnerWorker.java:96)
at org.testng.TestNG.runSuitesSequentially(TestNG.java:1218)
at org.testng.TestNG.runSuitesLocally(TestNG.java:1140)
at org.testng.TestNG.runSuites(TestNG.java:1069)
at org.testng.TestNG.run(TestNG.java:1037)
at org.apache.maven.surefire.testng.TestNGExecutor.run(TestNGExecutor.java:284)
at org.apache.maven.surefire.testng.TestNGXmlTestSuite.execute(TestNGXmlTestSuite.java:75)
at org.apache.maven.surefire.testng.TestNGProvider.invoke(TestNGProvider.java:119)
at org.apache.maven.surefire.booter.ForkedBooter.runSuitesInProcess(ForkedBooter.java:428)
at org.apache.maven.surefire.booter.ForkedBooter.execute(ForkedBooter.java:162)
at org.apache.maven.surefire.booter.ForkedBooter.run(ForkedBooter.java:562)
at org.apache.maven.surefire.booter.ForkedBooter.main(ForkedBooter.java:548)
]]>
            </full-stacktrace>
          </exception> <!-- org.openqa.selenium.ElementClickInterceptedException -->
          <reporter-output>
          </reporter-output>
        </test-method> <!-- HandBagsTest -->
        <test-method status="PASS" signature="tearDown()[pri:0, instance:com.michaelkors.testCases.TC_HandBagsTest_007@75d4a5c2]" name="tearDown" is-config="true" duration-ms="87" started-at="2020-12-18T08:23:13 EST" finished-at="2020-12-18T08:23:13 EST">
          <reporter-output>
          </reporter-output>
        </test-method> <!-- tearDown -->
      </class> <!-- com.michaelkors.testCases.TC_HandBagsTest_007 -->
      <class name="com.michaelkors.testCases.TC_ShoesTest_009">
        <test-method status="PASS" signature="setup(java.lang.String)[pri:0, instance:com.michaelkors.testCases.TC_ShoesTest_009@206a70ef]" name="setup" is-config="true" duration-ms="3360" started-at="2020-12-18T08:28:22 EST" finished-at="2020-12-18T08:28:25 EST">
          <params>
            <param index="0">
              <value>
                <![CDATA[chrome]]>
              </value>
            </param>
          </params>
          <reporter-output>
          </reporter-output>
        </test-method> <!-- setup -->
        <test-method status="PASS" signature="ShoesTest()[pri:0, instance:com.michaelkors.testCases.TC_ShoesTest_009@206a70ef]" name="ShoesTest" duration-ms="52808" started-at="2020-12-18T08:28:25 EST" finished-at="2020-12-18T08:29:18 EST">
          <reporter-output>
          </reporter-output>
        </test-method> <!-- ShoesTest -->
        <test-method status="PASS" signature="tearDown()[pri:0, instance:com.michaelkors.testCases.TC_ShoesTest_009@206a70ef]" name="tearDown" is-config="true" duration-ms="87" started-at="2020-12-18T08:29:18 EST" finished-at="2020-12-18T08:29:18 EST">
          <reporter-output>
          </reporter-output>
        </test-method> <!-- tearDown -->
      </class> <!-- com.michaelkors.testCases.TC_ShoesTest_009 -->
      <class name="com.michaelkors.testCases.TC_LoginDDT_004">
        <test-method status="PASS" signature="setup(java.lang.String)[pri:0, instance:com.michaelkors.testCases.TC_LoginDDT_004@6c6cb480]" name="setup" is-config="true" duration-ms="3432" started-at="2020-12-18T08:24:51 EST" finished-at="2020-12-18T08:24:55 EST">
          <params>
            <param index="0">
              <value>
                <![CDATA[chrome]]>
              </value>
            </param>
          </params>
          <reporter-output>
          </reporter-output>
        </test-method> <!-- setup -->
        <test-method status="PASS" signature="loginTest(java.lang.String, java.lang.String, java.lang.String)[pri:0, instance:com.michaelkors.testCases.TC_LoginDDT_004@6c6cb480]" name="loginTest" duration-ms="26053" started-at="2020-12-18T08:24:55 EST" data-provider="LoginData" finished-at="2020-12-18T08:25:21 EST">
          <params>
            <param index="0">
              <value>
                <![CDATA[khanasif.qa@gmail.com]]>
              </value>
            </param>
            <param index="1">
              <value>
                <![CDATA[Admin123]]>
              </value>
            </param>
            <param index="2">
              <value>
                <![CDATA[Pass]]>
              </value>
            </param>
          </params>
          <reporter-output>
          </reporter-output>
        </test-method> <!-- loginTest -->
        <test-method status="PASS" signature="loginTest(java.lang.String, java.lang.String, java.lang.String)[pri:0, instance:com.michaelkors.testCases.TC_LoginDDT_004@6c6cb480]" name="loginTest" duration-ms="43987" started-at="2020-12-18T08:25:21 EST" data-provider="LoginData" finished-at="2020-12-18T08:26:05 EST">
          <params>
            <param index="0">
              <value>
                <![CDATA[hanasif.qa@gmail.com]]>
              </value>
            </param>
            <param index="1">
              <value>
                <![CDATA[Admin124]]>
              </value>
            </param>
            <param index="2">
              <value>
                <![CDATA[Fail]]>
              </value>
            </param>
          </params>
          <reporter-output>
          </reporter-output>
        </test-method> <!-- loginTest -->
        <test-method status="PASS" signature="loginTest(java.lang.String, java.lang.String, java.lang.String)[pri:0, instance:com.michaelkors.testCases.TC_LoginDDT_004@6c6cb480]" name="loginTest" duration-ms="44281" started-at="2020-12-18T08:26:05 EST" data-provider="LoginData" finished-at="2020-12-18T08:26:49 EST">
          <params>
            <param index="0">
              <value>
                <![CDATA[khanasif.qa@gmail.com]]>
              </value>
            </param>
            <param index="1">
              <value>
                <![CDATA[Admin125]]>
              </value>
            </param>
            <param index="2">
              <value>
                <![CDATA[Fail]]>
              </value>
            </param>
          </params>
          <reporter-output>
          </reporter-output>
        </test-method> <!-- loginTest -->
        <test-method status="PASS" signature="loginTest(java.lang.String, java.lang.String, java.lang.String)[pri:0, instance:com.michaelkors.testCases.TC_LoginDDT_004@6c6cb480]" name="loginTest" duration-ms="44016" started-at="2020-12-18T08:26:49 EST" data-provider="LoginData" finished-at="2020-12-18T08:27:33 EST">
          <params>
            <param index="0">
              <value>
                <![CDATA[khanasif@gmail.com]]>
              </value>
            </param>
            <param index="1">
              <value>
                <![CDATA[Admin126]]>
              </value>
            </param>
            <param index="2">
              <value>
                <![CDATA[Fail]]>
              </value>
            </param>
          </params>
          <reporter-output>
          </reporter-output>
        </test-method> <!-- loginTest -->
        <test-method status="PASS" signature="tearDown()[pri:0, instance:com.michaelkors.testCases.TC_LoginDDT_004@6c6cb480]" name="tearDown" is-config="true" duration-ms="69" started-at="2020-12-18T08:27:33 EST" finished-at="2020-12-18T08:27:33 EST">
          <reporter-output>
          </reporter-output>
        </test-method> <!-- tearDown -->
      </class> <!-- com.michaelkors.testCases.TC_LoginDDT_004 -->
      <class name="com.michaelkors.testCases.TC_MenTest_006">
        <test-method status="PASS" signature="setup(java.lang.String)[pri:0, instance:com.michaelkors.testCases.TC_MenTest_006@c730b35]" name="setup" is-config="true" duration-ms="3393" started-at="2020-12-18T08:27:58 EST" finished-at="2020-12-18T08:28:01 EST">
          <params>
            <param index="0">
              <value>
                <![CDATA[chrome]]>
              </value>
            </param>
          </params>
          <reporter-output>
          </reporter-output>
        </test-method> <!-- setup -->
        <test-method status="FAIL" signature="MenTest()[pri:0, instance:com.michaelkors.testCases.TC_MenTest_006@c730b35]" name="MenTest" duration-ms="20791" started-at="2020-12-18T08:28:01 EST" finished-at="2020-12-18T08:28:22 EST">
          <exception class="org.openqa.selenium.ElementClickInterceptedException">
            <message>
              <![CDATA[element click intercepted: Element <div class="Select-value">...</div> is not clickable at point (1129, 516). Other element would receive the click: <label>...</label>
  (Session info: chrome=87.0.4280.88)
Build info: version: '4.0.0-alpha-6', revision: '5f43a29cfc'
System info: host: 'LAPTOP-IIRF7F8F', ip: '192.168.4.29', os.name: 'Windows 10', os.arch: 'amd64', os.version: '10.0', java.version: '1.8.0_221'
Driver info: org.openqa.selenium.chrome.ChromeDriver
Capabilities {acceptInsecureCerts: false, browserName: chrome, browserVersion: 87.0.4280.88, chrome: {chromedriverVersion: 87.0.4280.88 (89e2380a3e36c..., userDataDir: C:\Users\muhas\AppData\Loca...}, goog:chromeOptions: {debuggerAddress: localhost:55251}, javascriptEnabled: true, networkConnectionEnabled: false, pageLoadStrategy: normal, platform: WINDOWS, platformName: WINDOWS, proxy: Proxy(), setWindowRect: true, strictFileInteractability: false, timeouts: {implicit: 0, pageLoad: 300000, script: 30000}, unhandledPromptBehavior: dismiss and notify, webauthn:virtualAuthenticators: true}
Session ID: da5afaaceebce99efe6e5ae2426824d7]]>
            </message>
            <full-stacktrace>
              <![CDATA[org.openqa.selenium.ElementClickInterceptedException: element click intercepted: Element <div class="Select-value">...</div> is not clickable at point (1129, 516). Other element would receive the click: <label>...</label>
  (Session info: chrome=87.0.4280.88)
Build info: version: '4.0.0-alpha-6', revision: '5f43a29cfc'
System info: host: 'LAPTOP-IIRF7F8F', ip: '192.168.4.29', os.name: 'Windows 10', os.arch: 'amd64', os.version: '10.0', java.version: '1.8.0_221'
Driver info: org.openqa.selenium.chrome.ChromeDriver
Capabilities {acceptInsecureCerts: false, browserName: chrome, browserVersion: 87.0.4280.88, chrome: {chromedriverVersion: 87.0.4280.88 (89e2380a3e36c..., userDataDir: C:\Users\muhas\AppData\Loca...}, goog:chromeOptions: {debuggerAddress: localhost:55251}, javascriptEnabled: true, networkConnectionEnabled: false, pageLoadStrategy: normal, platform: WINDOWS, platformName: WINDOWS, proxy: Proxy(), setWindowRect: true, strictFileInteractability: false, timeouts: {implicit: 0, pageLoad: 300000, script: 30000}, unhandledPromptBehavior: dismiss and notify, webauthn:virtualAuthenticators: true}
Session ID: da5afaaceebce99efe6e5ae2426824d7
at sun.reflect.NativeConstructorAccessorImpl.newInstance0(Native Method)
at sun.reflect.NativeConstructorAccessorImpl.newInstance(NativeConstructorAccessorImpl.java:62)
at sun.reflect.DelegatingConstructorAccessorImpl.newInstance(DelegatingConstructorAccessorImpl.java:45)
at java.lang.reflect.Constructor.newInstance(Constructor.java:423)
at org.openqa.selenium.remote.codec.w3c.W3CHttpResponseCodec.createException(W3CHttpResponseCodec.java:196)
at org.openqa.selenium.remote.codec.w3c.W3CHttpResponseCodec.decode(W3CHttpResponseCodec.java:129)
at org.openqa.selenium.remote.codec.w3c.W3CHttpResponseCodec.decode(W3CHttpResponseCodec.java:53)
at org.openqa.selenium.remote.HttpCommandExecutor.execute(HttpCommandExecutor.java:160)
at org.openqa.selenium.remote.service.DriverCommandExecutor.execute(DriverCommandExecutor.java:83)
at org.openqa.selenium.remote.RemoteWebDriver.execute(RemoteWebDriver.java:582)
at org.openqa.selenium.remote.RemoteWebElement.execute(RemoteWebElement.java:316)
at org.openqa.selenium.remote.RemoteWebElement.click(RemoteWebElement.java:85)
at sun.reflect.GeneratedMethodAccessor4.invoke(Unknown Source)
at sun.reflect.DelegatingMethodAccessorImpl.invoke(DelegatingMethodAccessorImpl.java:43)
at java.lang.reflect.Method.invoke(Method.java:498)
at org.openqa.selenium.support.pagefactory.internal.LocatingElementHandler.invoke(LocatingElementHandler.java:52)
at com.sun.proxy.$Proxy20.click(Unknown Source)
at com.michaelkors.pageObjects.MenPage.clickdropdown(MenPage.java:86)
at com.michaelkors.testCases.TC_MenTest_006.MenTest(TC_MenTest_006.java:29)
at sun.reflect.NativeMethodAccessorImpl.invoke0(Native Method)
at sun.reflect.NativeMethodAccessorImpl.invoke(NativeMethodAccessorImpl.java:62)
at sun.reflect.DelegatingMethodAccessorImpl.invoke(DelegatingMethodAccessorImpl.java:43)
at java.lang.reflect.Method.invoke(Method.java:498)
at org.testng.internal.MethodInvocationHelper.invokeMethod(MethodInvocationHelper.java:132)
at org.testng.internal.TestInvoker.invokeMethod(TestInvoker.java:599)
at org.testng.internal.TestInvoker.invokeTestMethod(TestInvoker.java:174)
at org.testng.internal.MethodRunner.runInSequence(MethodRunner.java:46)
at org.testng.internal.TestInvoker$MethodInvocationAgent.invoke(TestInvoker.java:822)
at org.testng.internal.TestInvoker.invokeTestMethods(TestInvoker.java:147)
at org.testng.internal.TestMethodWorker.invokeTestMethods(TestMethodWorker.java:146)
at org.testng.internal.TestMethodWorker.run(TestMethodWorker.java:128)
at java.util.ArrayList.forEach(ArrayList.java:1257)
at org.testng.TestRunner.privateRun(TestRunner.java:764)
at org.testng.TestRunner.run(TestRunner.java:585)
at org.testng.SuiteRunner.runTest(SuiteRunner.java:384)
at org.testng.SuiteRunner.runSequentially(SuiteRunner.java:378)
at org.testng.SuiteRunner.privateRun(SuiteRunner.java:337)
at org.testng.SuiteRunner.run(SuiteRunner.java:286)
at org.testng.SuiteRunnerWorker.runSuite(SuiteRunnerWorker.java:53)
at org.testng.SuiteRunnerWorker.run(SuiteRunnerWorker.java:96)
at org.testng.TestNG.runSuitesSequentially(TestNG.java:1218)
at org.testng.TestNG.runSuitesLocally(TestNG.java:1140)
at org.testng.TestNG.runSuites(TestNG.java:1069)
at org.testng.TestNG.run(TestNG.java:1037)
at org.apache.maven.surefire.testng.TestNGExecutor.run(TestNGExecutor.java:284)
at org.apache.maven.surefire.testng.TestNGXmlTestSuite.execute(TestNGXmlTestSuite.java:75)
at org.apache.maven.surefire.testng.TestNGProvider.invoke(TestNGProvider.java:119)
at org.apache.maven.surefire.booter.ForkedBooter.runSuitesInProcess(ForkedBooter.java:428)
at org.apache.maven.surefire.booter.ForkedBooter.execute(ForkedBooter.java:162)
at org.apache.maven.surefire.booter.ForkedBooter.run(ForkedBooter.java:562)
at org.apache.maven.surefire.booter.ForkedBooter.main(ForkedBooter.java:548)
]]>
            </full-stacktrace>
          </exception> <!-- org.openqa.selenium.ElementClickInterceptedException -->
          <reporter-output>
          </reporter-output>
        </test-method> <!-- MenTest -->
        <test-method status="PASS" signature="tearDown()[pri:0, instance:com.michaelkors.testCases.TC_MenTest_006@c730b35]" name="tearDown" is-config="true" duration-ms="116" started-at="2020-12-18T08:28:22 EST" finished-at="2020-12-18T08:28:22 EST">
          <reporter-output>
          </reporter-output>
        </test-method> <!-- tearDown -->
      </class> <!-- com.michaelkors.testCases.TC_MenTest_006 -->
      <class name="com.michaelkors.testCases.TC_JoinDDT_002">
        <test-method status="PASS" signature="setup(java.lang.String)[pri:0, instance:com.michaelkors.testCases.TC_JoinDDT_002@557caf28]" name="setup" is-config="true" duration-ms="3349" started-at="2020-12-18T08:23:13 EST" finished-at="2020-12-18T08:23:16 EST">
          <params>
            <param index="0">
              <value>
                <![CDATA[chrome]]>
              </value>
            </param>
          </params>
          <reporter-output>
          </reporter-output>
        </test-method> <!-- setup -->
        <test-method status="PASS" signature="JoinDDT(java.lang.String, java.lang.String, java.lang.String, java.lang.String, java.lang.String, java.lang.String, java.lang.String, java.lang.String, java.lang.String)[pri:0, instance:com.michaelkors.testCases.TC_JoinDDT_002@557caf28]" name="JoinDDT" duration-ms="27147" started-at="2020-12-18T08:23:18 EST" data-provider="JoinData" finished-at="2020-12-18T08:23:45 EST">
          <params>
            <param index="0">
              <value>
                <![CDATA[Asif]]>
              </value>
            </param>
            <param index="1">
              <value>
                <![CDATA[Khan]]>
              </value>
            </param>
            <param index="2">
              <value>
                <![CDATA[khanasif.qa@gmail.com]]>
              </value>
            </param>
            <param index="3">
              <value>
                <![CDATA[Admin123]]>
              </value>
            </param>
            <param index="4">
              <value>
                <![CDATA[8817]]>
              </value>
            </param>
            <param index="5">
              <value>
                <![CDATA[5]]>
              </value>
            </param>
            <param index="6">
              <value>
                <![CDATA[10]]>
              </value>
            </param>
            <param index="7">
              <value>
                <![CDATA[Male]]>
              </value>
            </param>
            <param index="8">
              <value>
                <![CDATA[Passed]]>
              </value>
            </param>
          </params>
          <reporter-output>
          </reporter-output>
        </test-method> <!-- JoinDDT -->
        <test-method status="PASS" signature="JoinDDT(java.lang.String, java.lang.String, java.lang.String, java.lang.String, java.lang.String, java.lang.String, java.lang.String, java.lang.String, java.lang.String)[pri:0, instance:com.michaelkors.testCases.TC_JoinDDT_002@557caf28]" name="JoinDDT" duration-ms="13835" started-at="2020-12-18T08:23:45 EST" data-provider="JoinData" finished-at="2020-12-18T08:23:59 EST">
          <params>
            <param index="0">
              <value>
                <![CDATA[Asif]]>
              </value>
            </param>
            <param index="1">
              <value>
                <![CDATA[Khan]]>
              </value>
            </param>
            <param index="2">
              <value>
                <![CDATA[khanasif@gmail.com]]>
              </value>
            </param>
            <param index="3">
              <value>
                <![CDATA[Admin124]]>
              </value>
            </param>
            <param index="4">
              <value>
                <![CDATA[8817]]>
              </value>
            </param>
            <param index="5">
              <value>
                <![CDATA[5]]>
              </value>
            </param>
            <param index="6">
              <value>
                <![CDATA[10]]>
              </value>
            </param>
            <param index="7">
              <value>
                <![CDATA[Male]]>
              </value>
            </param>
            <param index="8">
              <value>
                <![CDATA[failed]]>
              </value>
            </param>
          </params>
          <reporter-output>
          </reporter-output>
        </test-method> <!-- JoinDDT -->
        <test-method status="PASS" signature="JoinDDT(java.lang.String, java.lang.String, java.lang.String, java.lang.String, java.lang.String, java.lang.String, java.lang.String, java.lang.String, java.lang.String)[pri:0, instance:com.michaelkors.testCases.TC_JoinDDT_002@557caf28]" name="JoinDDT" duration-ms="14330" started-at="2020-12-18T08:23:59 EST" data-provider="JoinData" finished-at="2020-12-18T08:24:14 EST">
          <params>
            <param index="0">
              <value>
                <![CDATA[Asif]]>
              </value>
            </param>
            <param index="1">
              <value>
                <![CDATA[Khan]]>
              </value>
            </param>
            <param index="2">
              <value>
                <![CDATA[khanasif.qa@gmail.com]]>
              </value>
            </param>
            <param index="3">
              <value>
                <![CDATA[Admin125]]>
              </value>
            </param>
            <param index="4">
              <value>
                <![CDATA[8817]]>
              </value>
            </param>
            <param index="5">
              <value>
                <![CDATA[5]]>
              </value>
            </param>
            <param index="6">
              <value>
                <![CDATA[10]]>
              </value>
            </param>
            <param index="7">
              <value>
                <![CDATA[Male]]>
              </value>
            </param>
            <param index="8">
              <value>
                <![CDATA[failed]]>
              </value>
            </param>
          </params>
          <reporter-output>
          </reporter-output>
        </test-method> <!-- JoinDDT -->
        <test-method status="PASS" signature="JoinDDT(java.lang.String, java.lang.String, java.lang.String, java.lang.String, java.lang.String, java.lang.String, java.lang.String, java.lang.String, java.lang.String)[pri:0, instance:com.michaelkors.testCases.TC_JoinDDT_002@557caf28]" name="JoinDDT" duration-ms="13764" started-at="2020-12-18T08:24:14 EST" data-provider="JoinData" finished-at="2020-12-18T08:24:27 EST">
          <params>
            <param index="0">
              <value>
                <![CDATA[Asif]]>
              </value>
            </param>
            <param index="1">
              <value>
                <![CDATA[Kan]]>
              </value>
            </param>
            <param index="2">
              <value>
                <![CDATA[khanasif.qa@gmail.com]]>
              </value>
            </param>
            <param index="3">
              <value>
                <![CDATA[Admin126]]>
              </value>
            </param>
            <param index="4">
              <value>
                <![CDATA[8817]]>
              </value>
            </param>
            <param index="5">
              <value>
                <![CDATA[5]]>
              </value>
            </param>
            <param index="6">
              <value>
                <![CDATA[10]]>
              </value>
            </param>
            <param index="7">
              <value>
                <![CDATA[Male]]>
              </value>
            </param>
            <param index="8">
              <value>
                <![CDATA[failed]]>
              </value>
            </param>
          </params>
          <reporter-output>
          </reporter-output>
        </test-method> <!-- JoinDDT -->
        <test-method status="PASS" signature="tearDown()[pri:0, instance:com.michaelkors.testCases.TC_JoinDDT_002@557caf28]" name="tearDown" is-config="true" duration-ms="398" started-at="2020-12-18T08:24:27 EST" finished-at="2020-12-18T08:24:28 EST">
          <reporter-output>
          </reporter-output>
        </test-method> <!-- tearDown -->
      </class> <!-- com.michaelkors.testCases.TC_JoinDDT_002 -->
      <class name="com.michaelkors.testCases.TC_WomenTest_005">
        <test-method status="PASS" signature="setup(java.lang.String)[pri:0, instance:com.michaelkors.testCases.TC_WomenTest_005@22555ebf]" name="setup" is-config="true" duration-ms="3255" started-at="2020-12-18T08:30:07 EST" finished-at="2020-12-18T08:30:11 EST">
          <params>
            <param index="0">
              <value>
                <![CDATA[chrome]]>
              </value>
            </param>
          </params>
          <reporter-output>
          </reporter-output>
        </test-method> <!-- setup -->
        <test-method status="PASS" signature="WomenTest()[pri:0, instance:com.michaelkors.testCases.TC_WomenTest_005@22555ebf]" name="WomenTest" duration-ms="34088" started-at="2020-12-18T08:30:11 EST" finished-at="2020-12-18T08:30:45 EST">
          <reporter-output>
          </reporter-output>
        </test-method> <!-- WomenTest -->
        <test-method status="PASS" signature="tearDown()[pri:0, instance:com.michaelkors.testCases.TC_WomenTest_005@22555ebf]" name="tearDown" is-config="true" duration-ms="108" started-at="2020-12-18T08:30:45 EST" finished-at="2020-12-18T08:30:45 EST">
          <reporter-output>
          </reporter-output>
        </test-method> <!-- tearDown -->
      </class> <!-- com.michaelkors.testCases.TC_WomenTest_005 -->
      <class name="com.michaelkors.testCases.TC_LoginTest_003">
        <test-method status="PASS" signature="setup(java.lang.String)[pri:0, instance:com.michaelkors.testCases.TC_LoginTest_003@3c46e67a]" name="setup" is-config="true" duration-ms="3379" started-at="2020-12-18T08:27:33 EST" finished-at="2020-12-18T08:27:37 EST">
          <params>
            <param index="0">
              <value>
                <![CDATA[chrome]]>
              </value>
            </param>
          </params>
          <reporter-output>
          </reporter-output>
        </test-method> <!-- setup -->
        <test-method status="FAIL" signature="LoginTest()[pri:0, instance:com.michaelkors.testCases.TC_LoginTest_003@3c46e67a]" name="LoginTest" duration-ms="20635" started-at="2020-12-18T08:27:37 EST" finished-at="2020-12-18T08:27:57 EST">
          <exception class="org.openqa.selenium.JavascriptException">
            <message>
              <![CDATA[javascript error: Failed to execute 'elementsFromPoint' on 'Document': The provided double value is non-finite.
  (Session info: chrome=87.0.4280.88)
Build info: version: '4.0.0-alpha-6', revision: '5f43a29cfc'
System info: host: 'LAPTOP-IIRF7F8F', ip: '192.168.4.29', os.name: 'Windows 10', os.arch: 'amd64', os.version: '10.0', java.version: '1.8.0_221'
Driver info: org.openqa.selenium.chrome.ChromeDriver
Capabilities {acceptInsecureCerts: false, browserName: chrome, browserVersion: 87.0.4280.88, chrome: {chromedriverVersion: 87.0.4280.88 (89e2380a3e36c..., userDataDir: C:\Users\muhas\AppData\Loca...}, goog:chromeOptions: {debuggerAddress: localhost:55082}, javascriptEnabled: true, networkConnectionEnabled: false, pageLoadStrategy: normal, platform: WINDOWS, platformName: WINDOWS, proxy: Proxy(), setWindowRect: true, strictFileInteractability: false, timeouts: {implicit: 0, pageLoad: 300000, script: 30000}, unhandledPromptBehavior: dismiss and notify, webauthn:virtualAuthenticators: true}
Session ID: e6545a772c112d2a2297e1bd1a06dd90]]>
            </message>
            <full-stacktrace>
              <![CDATA[org.openqa.selenium.JavascriptException: javascript error: Failed to execute 'elementsFromPoint' on 'Document': The provided double value is non-finite.
  (Session info: chrome=87.0.4280.88)
Build info: version: '4.0.0-alpha-6', revision: '5f43a29cfc'
System info: host: 'LAPTOP-IIRF7F8F', ip: '192.168.4.29', os.name: 'Windows 10', os.arch: 'amd64', os.version: '10.0', java.version: '1.8.0_221'
Driver info: org.openqa.selenium.chrome.ChromeDriver
Capabilities {acceptInsecureCerts: false, browserName: chrome, browserVersion: 87.0.4280.88, chrome: {chromedriverVersion: 87.0.4280.88 (89e2380a3e36c..., userDataDir: C:\Users\muhas\AppData\Loca...}, goog:chromeOptions: {debuggerAddress: localhost:55082}, javascriptEnabled: true, networkConnectionEnabled: false, pageLoadStrategy: normal, platform: WINDOWS, platformName: WINDOWS, proxy: Proxy(), setWindowRect: true, strictFileInteractability: false, timeouts: {implicit: 0, pageLoad: 300000, script: 30000}, unhandledPromptBehavior: dismiss and notify, webauthn:virtualAuthenticators: true}
Session ID: e6545a772c112d2a2297e1bd1a06dd90
at sun.reflect.NativeConstructorAccessorImpl.newInstance0(Native Method)
at sun.reflect.NativeConstructorAccessorImpl.newInstance(NativeConstructorAccessorImpl.java:62)
at sun.reflect.DelegatingConstructorAccessorImpl.newInstance(DelegatingConstructorAccessorImpl.java:45)
at java.lang.reflect.Constructor.newInstance(Constructor.java:423)
at org.openqa.selenium.remote.codec.w3c.W3CHttpResponseCodec.createException(W3CHttpResponseCodec.java:196)
at org.openqa.selenium.remote.codec.w3c.W3CHttpResponseCodec.decode(W3CHttpResponseCodec.java:129)
at org.openqa.selenium.remote.codec.w3c.W3CHttpResponseCodec.decode(W3CHttpResponseCodec.java:53)
at org.openqa.selenium.remote.HttpCommandExecutor.execute(HttpCommandExecutor.java:160)
at org.openqa.selenium.remote.service.DriverCommandExecutor.execute(DriverCommandExecutor.java:83)
at org.openqa.selenium.remote.RemoteWebDriver.execute(RemoteWebDriver.java:582)
at org.openqa.selenium.remote.RemoteWebDriver.perform(RemoteWebDriver.java:652)
at org.openqa.selenium.interactions.Actions$BuiltAction.perform(Actions.java:613)
at org.openqa.selenium.interactions.Actions.perform(Actions.java:569)
at com.michaelkors.pageObjects.LoginPage.clicksignout(LoginPage.java:76)
at com.michaelkors.testCases.TC_LoginTest_003.LoginTest(TC_LoginTest_003.java:32)
at sun.reflect.NativeMethodAccessorImpl.invoke0(Native Method)
at sun.reflect.NativeMethodAccessorImpl.invoke(NativeMethodAccessorImpl.java:62)
at sun.reflect.DelegatingMethodAccessorImpl.invoke(DelegatingMethodAccessorImpl.java:43)
at java.lang.reflect.Method.invoke(Method.java:498)
at org.testng.internal.MethodInvocationHelper.invokeMethod(MethodInvocationHelper.java:132)
at org.testng.internal.TestInvoker.invokeMethod(TestInvoker.java:599)
at org.testng.internal.TestInvoker.invokeTestMethod(TestInvoker.java:174)
at org.testng.internal.MethodRunner.runInSequence(MethodRunner.java:46)
at org.testng.internal.TestInvoker$MethodInvocationAgent.invoke(TestInvoker.java:822)
at org.testng.internal.TestInvoker.invokeTestMethods(TestInvoker.java:147)
at org.testng.internal.TestMethodWorker.invokeTestMethods(TestMethodWorker.java:146)
at org.testng.internal.TestMethodWorker.run(TestMethodWorker.java:128)
at java.util.ArrayList.forEach(ArrayList.java:1257)
at org.testng.TestRunner.privateRun(TestRunner.java:764)
at org.testng.TestRunner.run(TestRunner.java:585)
at org.testng.SuiteRunner.runTest(SuiteRunner.java:384)
at org.testng.SuiteRunner.runSequentially(SuiteRunner.java:378)
at org.testng.SuiteRunner.privateRun(SuiteRunner.java:337)
at org.testng.SuiteRunner.run(SuiteRunner.java:286)
at org.testng.SuiteRunnerWorker.runSuite(SuiteRunnerWorker.java:53)
at org.testng.SuiteRunnerWorker.run(SuiteRunnerWorker.java:96)
at org.testng.TestNG.runSuitesSequentially(TestNG.java:1218)
at org.testng.TestNG.runSuitesLocally(TestNG.java:1140)
at org.testng.TestNG.runSuites(TestNG.java:1069)
at org.testng.TestNG.run(TestNG.java:1037)
at org.apache.maven.surefire.testng.TestNGExecutor.run(TestNGExecutor.java:284)
at org.apache.maven.surefire.testng.TestNGXmlTestSuite.execute(TestNGXmlTestSuite.java:75)
at org.apache.maven.surefire.testng.TestNGProvider.invoke(TestNGProvider.java:119)
at org.apache.maven.surefire.booter.ForkedBooter.runSuitesInProcess(ForkedBooter.java:428)
at org.apache.maven.surefire.booter.ForkedBooter.execute(ForkedBooter.java:162)
at org.apache.maven.surefire.booter.ForkedBooter.run(ForkedBooter.java:562)
at org.apache.maven.surefire.booter.ForkedBooter.main(ForkedBooter.java:548)
]]>
            </full-stacktrace>
          </exception> <!-- org.openqa.selenium.JavascriptException -->
          <reporter-output>
          </reporter-output>
        </test-method> <!-- LoginTest -->
        <test-method status="PASS" signature="tearDown()[pri:0, instance:com.michaelkors.testCases.TC_LoginTest_003@3c46e67a]" name="tearDown" is-config="true" duration-ms="66" started-at="2020-12-18T08:27:57 EST" finished-at="2020-12-18T08:27:58 EST">
          <reporter-output>
          </reporter-output>
        </test-method> <!-- tearDown -->
      </class> <!-- com.michaelkors.testCases.TC_LoginTest_003 -->
      <class name="com.michaelkors.testCases.TC_WalletsTest_008">
        <test-method status="PASS" signature="setup(java.lang.String)[pri:0, instance:com.michaelkors.testCases.TC_WalletsTest_008@292b08d6]" name="setup" is-config="true" duration-ms="3357" started-at="2020-12-18T08:29:18 EST" finished-at="2020-12-18T08:29:21 EST">
          <params>
            <param index="0">
              <value>
                <![CDATA[chrome]]>
              </value>
            </param>
          </params>
          <reporter-output>
          </reporter-output>
        </test-method> <!-- setup -->
        <test-method status="FAIL" signature="WalletsTest()[pri:0, instance:com.michaelkors.testCases.TC_WalletsTest_008@292b08d6]" name="WalletsTest" duration-ms="45869" started-at="2020-12-18T08:29:21 EST" finished-at="2020-12-18T08:30:07 EST">
          <exception class="org.openqa.selenium.ElementNotInteractableException">
            <message>
              <![CDATA[element not interactable
  (Session info: chrome=87.0.4280.88)
Build info: version: '4.0.0-alpha-6', revision: '5f43a29cfc'
System info: host: 'LAPTOP-IIRF7F8F', ip: '192.168.4.29', os.name: 'Windows 10', os.arch: 'amd64', os.version: '10.0', java.version: '1.8.0_221'
Driver info: org.openqa.selenium.chrome.ChromeDriver
Capabilities {acceptInsecureCerts: false, browserName: chrome, browserVersion: 87.0.4280.88, chrome: {chromedriverVersion: 87.0.4280.88 (89e2380a3e36c..., userDataDir: C:\Users\muhas\AppData\Loca...}, goog:chromeOptions: {debuggerAddress: localhost:55596}, javascriptEnabled: true, networkConnectionEnabled: false, pageLoadStrategy: normal, platform: WINDOWS, platformName: WINDOWS, proxy: Proxy(), setWindowRect: true, strictFileInteractability: false, timeouts: {implicit: 0, pageLoad: 300000, script: 30000}, unhandledPromptBehavior: dismiss and notify, webauthn:virtualAuthenticators: true}
Session ID: 63b4dba979b22b2ea2e4e29c43223361]]>
            </message>
            <full-stacktrace>
              <![CDATA[org.openqa.selenium.ElementNotInteractableException: element not interactable
  (Session info: chrome=87.0.4280.88)
Build info: version: '4.0.0-alpha-6', revision: '5f43a29cfc'
System info: host: 'LAPTOP-IIRF7F8F', ip: '192.168.4.29', os.name: 'Windows 10', os.arch: 'amd64', os.version: '10.0', java.version: '1.8.0_221'
Driver info: org.openqa.selenium.chrome.ChromeDriver
Capabilities {acceptInsecureCerts: false, browserName: chrome, browserVersion: 87.0.4280.88, chrome: {chromedriverVersion: 87.0.4280.88 (89e2380a3e36c..., userDataDir: C:\Users\muhas\AppData\Loca...}, goog:chromeOptions: {debuggerAddress: localhost:55596}, javascriptEnabled: true, networkConnectionEnabled: false, pageLoadStrategy: normal, platform: WINDOWS, platformName: WINDOWS, proxy: Proxy(), setWindowRect: true, strictFileInteractability: false, timeouts: {implicit: 0, pageLoad: 300000, script: 30000}, unhandledPromptBehavior: dismiss and notify, webauthn:virtualAuthenticators: true}
Session ID: 63b4dba979b22b2ea2e4e29c43223361
at sun.reflect.NativeConstructorAccessorImpl.newInstance0(Native Method)
at sun.reflect.NativeConstructorAccessorImpl.newInstance(NativeConstructorAccessorImpl.java:62)
at sun.reflect.DelegatingConstructorAccessorImpl.newInstance(DelegatingConstructorAccessorImpl.java:45)
at java.lang.reflect.Constructor.newInstance(Constructor.java:423)
at org.openqa.selenium.remote.codec.w3c.W3CHttpResponseCodec.createException(W3CHttpResponseCodec.java:196)
at org.openqa.selenium.remote.codec.w3c.W3CHttpResponseCodec.decode(W3CHttpResponseCodec.java:129)
at org.openqa.selenium.remote.codec.w3c.W3CHttpResponseCodec.decode(W3CHttpResponseCodec.java:53)
at org.openqa.selenium.remote.HttpCommandExecutor.execute(HttpCommandExecutor.java:160)
at org.openqa.selenium.remote.service.DriverCommandExecutor.execute(DriverCommandExecutor.java:83)
at org.openqa.selenium.remote.RemoteWebDriver.execute(RemoteWebDriver.java:582)
at org.openqa.selenium.remote.RemoteWebElement.execute(RemoteWebElement.java:316)
at org.openqa.selenium.remote.RemoteWebElement.click(RemoteWebElement.java:85)
at sun.reflect.GeneratedMethodAccessor4.invoke(Unknown Source)
at sun.reflect.DelegatingMethodAccessorImpl.invoke(DelegatingMethodAccessorImpl.java:43)
at java.lang.reflect.Method.invoke(Method.java:498)
at org.openqa.selenium.support.pagefactory.internal.LocatingElementHandler.invoke(LocatingElementHandler.java:52)
at com.sun.proxy.$Proxy20.click(Unknown Source)
at com.michaelkors.pageObjects.WalletsPage.clickdropdown(WalletsPage.java:104)
at com.michaelkors.testCases.TC_WalletsTest_008.WalletsTest(TC_WalletsTest_008.java:27)
at sun.reflect.NativeMethodAccessorImpl.invoke0(Native Method)
at sun.reflect.NativeMethodAccessorImpl.invoke(NativeMethodAccessorImpl.java:62)
at sun.reflect.DelegatingMethodAccessorImpl.invoke(DelegatingMethodAccessorImpl.java:43)
at java.lang.reflect.Method.invoke(Method.java:498)
at org.testng.internal.MethodInvocationHelper.invokeMethod(MethodInvocationHelper.java:132)
at org.testng.internal.TestInvoker.invokeMethod(TestInvoker.java:599)
at org.testng.internal.TestInvoker.invokeTestMethod(TestInvoker.java:174)
at org.testng.internal.MethodRunner.runInSequence(MethodRunner.java:46)
at org.testng.internal.TestInvoker$MethodInvocationAgent.invoke(TestInvoker.java:822)
at org.testng.internal.TestInvoker.invokeTestMethods(TestInvoker.java:147)
at org.testng.internal.TestMethodWorker.invokeTestMethods(TestMethodWorker.java:146)
at org.testng.internal.TestMethodWorker.run(TestMethodWorker.java:128)
at java.util.ArrayList.forEach(ArrayList.java:1257)
at org.testng.TestRunner.privateRun(TestRunner.java:764)
at org.testng.TestRunner.run(TestRunner.java:585)
at org.testng.SuiteRunner.runTest(SuiteRunner.java:384)
at org.testng.SuiteRunner.runSequentially(SuiteRunner.java:378)
at org.testng.SuiteRunner.privateRun(SuiteRunner.java:337)
at org.testng.SuiteRunner.run(SuiteRunner.java:286)
at org.testng.SuiteRunnerWorker.runSuite(SuiteRunnerWorker.java:53)
at org.testng.SuiteRunnerWorker.run(SuiteRunnerWorker.java:96)
at org.testng.TestNG.runSuitesSequentially(TestNG.java:1218)
at org.testng.TestNG.runSuitesLocally(TestNG.java:1140)
at org.testng.TestNG.runSuites(TestNG.java:1069)
at org.testng.TestNG.run(TestNG.java:1037)
at org.apache.maven.surefire.testng.TestNGExecutor.run(TestNGExecutor.java:284)
at org.apache.maven.surefire.testng.TestNGXmlTestSuite.execute(TestNGXmlTestSuite.java:75)
at org.apache.maven.surefire.testng.TestNGProvider.invoke(TestNGProvider.java:119)
at org.apache.maven.surefire.booter.ForkedBooter.runSuitesInProcess(ForkedBooter.java:428)
at org.apache.maven.surefire.booter.ForkedBooter.execute(ForkedBooter.java:162)
at org.apache.maven.surefire.booter.ForkedBooter.run(ForkedBooter.java:562)
at org.apache.maven.surefire.booter.ForkedBooter.main(ForkedBooter.java:548)
]]>
            </full-stacktrace>
          </exception> <!-- org.openqa.selenium.ElementNotInteractableException -->
          <reporter-output>
          </reporter-output>
        </test-method> <!-- WalletsTest -->
        <test-method status="PASS" signature="tearDown()[pri:0, instance:com.michaelkors.testCases.TC_WalletsTest_008@292b08d6]" name="tearDown" is-config="true" duration-ms="82" started-at="2020-12-18T08:30:07 EST" finished-at="2020-12-18T08:30:07 EST">
          <reporter-output>
          </reporter-output>
        </test-method> <!-- tearDown -->
      </class> <!-- com.michaelkors.testCases.TC_WalletsTest_008 -->
    </test> <!-- michaelkorsTests -->
  </suite> <!-- michaelkors Master Suite -->
</testng-results>
