<!DOCTYPE html PUBLIC "-//W3C//DTD XHTML 1.1//EN" "https://www.w3.org/TR/xhtml11/DTD/xhtml11.dtd">
<html xmlns="https://www.w3.org/1999/xhtml">
<head>
<meta http-equiv="content-type" content="text/html; charset=UTF-8"/>
<title>TestNG Report</title>
<style type="text/css">table {margin-bottom:10px;border-collapse:collapse;empty-cells:show}th,td {border:1px solid #009;padding:.25em .5em}th {vertical-align:bottom}td {vertical-align:top}table a {font-weight:bold}.stripe td {background-color: #E6EBF9}.num {text-align:right}.passedodd td {background-color: #3F3}.passedeven td {background-color: #0A0}.skippedodd td {background-color: #DDD}.skippedeven td {background-color: #CCC}.failedodd td,.attn {background-color: #F33}.failedeven td,.stripe .attn {background-color: #D00}.stacktrace {white-space:pre;font-family:monospace}.totop {font-size:85%;text-align:center;border-bottom:2px solid #000}.invisible {display:none}</style>
</head>
<body>
<table>
<tr><th>Test</th><th># Passed</th><th># Skipped</th><th># Retried</th><th># Failed</th><th>Time (ms)</th><th>Included Groups</th><th>Excluded Groups</th></tr>
<tr><th colspan="8">michaelkors</th></tr>
<tr><td><a href="#t0">chrometest</a></td><td class="num">12</td><td class="num">0</td><td class="num">0</td><td class="num attn">3</td><td class="num">474,387</td><td></td><td></td></tr>
</table>
<table id='summary'><thead><tr><th>Class</th><th>Method</th><th>Start</th><th>Time (ms)</th></tr></thead><tbody><tr><th colspan="4">michaelkors</th></tr></tbody><tbody id="t0"><tr><th colspan="4">chrometest &#8212; failed</th></tr><tr class="failedeven"><td rowspan="1">com.michaelkors.testCases.TC_JoinDDT_002</td><td><a href="#m0">JoinDDT</a></td><td rowspan="1">1608243604553</td><td rowspan="1">4550</td></tr><tr class="failedodd"><td rowspan="1">com.michaelkors.testCases.TC_MenTest_006</td><td><a href="#m1">MenTest</a></td><td rowspan="1">1608243857233</td><td rowspan="1">19886</td></tr><tr class="failedeven"><td rowspan="1">com.michaelkors.testCases.TC_WalletsTest_008</td><td><a href="#m2">WalletsTest</a></td><td rowspan="1">1608243922420</td><td rowspan="1">42911</td></tr><tr><th colspan="4">chrometest &#8212; passed</th></tr><tr class="passedeven"><td rowspan="1">com.michaelkors.testCases.TC_HandBagsTest_007</td><td><a href="#m3">HandBagsTest</a></td><td rowspan="1">1608243880762</td><td rowspan="1">37482</td></tr><tr class="passedodd"><td rowspan="3">com.michaelkors.testCases.TC_JoinDDT_002</td><td><a href="#m4">JoinDDT</a></td><td rowspan="3">1608243586642</td><td rowspan="3">17906</td></tr><tr class="passedodd"><td><a href="#m5">JoinDDT</a></td></tr><tr class="passedodd"><td><a href="#m6">JoinDDT</a></td></tr><tr class="passedeven"><td rowspan="1">com.michaelkors.testCases.TC_JoinTest_001</td><td><a href="#m7">JoinTest</a></td><td rowspan="1">1608243562423</td><td rowspan="1">18884</td></tr><tr class="passedodd"><td rowspan="4">com.michaelkors.testCases.TC_LoginDDT_004</td><td><a href="#m8">loginTest</a></td><td rowspan="4">1608243683769</td><td rowspan="4">43697</td></tr><tr class="passedodd"><td><a href="#m9">loginTest</a></td></tr><tr class="passedodd"><td><a href="#m10">loginTest</a></td></tr><tr class="passedodd"><td><a href="#m11">loginTest</a></td></tr><tr class="passedeven"><td rowspan="1">com.michaelkors.testCases.TC_LoginTest_003</td><td><a href="#m12">LoginTest</a></td><td rowspan="1">1608243639754</td><td rowspan="1">18825</td></tr><tr class="passedodd"><td rowspan="1">com.michaelkors.testCases.TC_ShoesTest_009</td><td><a href="#m13">ShoesTest</a></td><td rowspan="1">1608243968778</td><td rowspan="1">61951</td></tr><tr class="passedeven"><td rowspan="1">com.michaelkors.testCases.TC_WomenTest_005</td><td><a href="#m14">WomenTest</a></td><td rowspan="1">1608243819150</td><td rowspan="1">34552</td></tr></tbody>
</table>
<h2>chrometest</h2><h3 id="m0">com.michaelkors.testCases.TC_JoinDDT_002#JoinDDT</h3><table class="result"><tr class="param"><th>Parameter #1</th><th>Parameter #2</th><th>Parameter #3</th><th>Parameter #4</th><th>Parameter #5</th><th>Parameter #6</th><th>Parameter #7</th><th>Parameter #8</th><th>Parameter #9</th></tr><tr class="param stripe"><td>Asif</td><td>Khan</td><td>khanasif@gmail.com</td><td>Admin124</td><td>8817</td><td>5</td><td>10</td><td>Male</td><td>failed</td></tr><tr><th colspan="9">Exception</th></tr><tr><td colspan="9"><div class="stacktrace">org.openqa.selenium.ElementNotInteractableException: element not interactable
  (Session info: chrome=87.0.4280.88)
Build info: version: &apos;4.0.0-alpha-6&apos;, revision: &apos;5f43a29cfc&apos;
System info: host: &apos;LAPTOP-IIRF7F8F&apos;, ip: &apos;192.168.4.29&apos;, os.name: &apos;Windows 10&apos;, os.arch: &apos;amd64&apos;, os.version: &apos;10.0&apos;, java.version: &apos;1.8.0_221&apos;
Driver info: org.openqa.selenium.chrome.ChromeDriver
Capabilities {acceptInsecureCerts: false, browserName: chrome, browserVersion: 87.0.4280.88, chrome: {chromedriverVersion: 87.0.4280.88 (89e2380a3e36c..., userDataDir: C:\Users\muhas\AppData\Loca...}, goog:chromeOptions: {debuggerAddress: localhost:54612}, javascriptEnabled: true, networkConnectionEnabled: false, pageLoadStrategy: normal, platform: WINDOWS, platformName: WINDOWS, proxy: Proxy(), setWindowRect: true, strictFileInteractability: false, timeouts: {implicit: 0, pageLoad: 300000, script: 30000}, unhandledPromptBehavior: dismiss and notify, webauthn:virtualAuthenticators: true}
Session ID: 34e006585a6b8856785b72673797d0d8
	at org.openqa.selenium.remote.codec.w3c.W3CHttpResponseCodec.createException(W3CHttpResponseCodec.java:196)
	at org.openqa.selenium.remote.codec.w3c.W3CHttpResponseCodec.decode(W3CHttpResponseCodec.java:129)
	at org.openqa.selenium.remote.codec.w3c.W3CHttpResponseCodec.decode(W3CHttpResponseCodec.java:53)
	at org.openqa.selenium.remote.HttpCommandExecutor.execute(HttpCommandExecutor.java:160)
	at org.openqa.selenium.remote.service.DriverCommandExecutor.execute(DriverCommandExecutor.java:83)
	at org.openqa.selenium.remote.RemoteWebDriver.execute(RemoteWebDriver.java:582)
	at org.openqa.selenium.remote.RemoteWebElement.execute(RemoteWebElement.java:316)
	at org.openqa.selenium.remote.RemoteWebElement.sendKeys(RemoteWebElement.java:115)
	at org.openqa.selenium.support.pagefactory.internal.LocatingElementHandler.invoke(LocatingElementHandler.java:52)
	at com.sun.proxy.$Proxy33.sendKeys(Unknown Source)
	at com.michaelkors.pageObjects.JoinPage.setLastName(JoinPage.java:74)
	at com.michaelkors.testCases.TC_JoinDDT_002.JoinDDT(TC_JoinDDT_002.java:26)
	at java.util.ArrayList.forEach(ArrayList.java:1257)
	at java.util.concurrent.FutureTask.run(FutureTask.java:266)
	at java.util.concurrent.ThreadPoolExecutor.runWorker(ThreadPoolExecutor.java:1149)
	at java.util.concurrent.ThreadPoolExecutor$Worker.run(ThreadPoolExecutor.java:624)
	at java.lang.Thread.run(Thread.java:748)
... Removed 25 stack frames</div></td></tr></table><p class="totop"><a href="#summary">back to summary</a></p>
<h3 id="m1">com.michaelkors.testCases.TC_MenTest_006#MenTest</h3><table class="result"><tr><th>Exception</th></tr><tr><td><div class="stacktrace">org.openqa.selenium.ElementClickInterceptedException: element click intercepted: Element &lt;div class=&quot;Select-value&quot;&gt;...&lt;/div&gt; is not clickable at point (1129, 516). Other element would receive the click: &lt;label&gt;...&lt;/label&gt;
  (Session info: chrome=87.0.4280.88)
Build info: version: &apos;4.0.0-alpha-6&apos;, revision: &apos;5f43a29cfc&apos;
System info: host: &apos;LAPTOP-IIRF7F8F&apos;, ip: &apos;192.168.4.29&apos;, os.name: &apos;Windows 10&apos;, os.arch: &apos;amd64&apos;, os.version: &apos;10.0&apos;, java.version: &apos;1.8.0_221&apos;
Driver info: org.openqa.selenium.chrome.ChromeDriver
Capabilities {acceptInsecureCerts: false, browserName: chrome, browserVersion: 87.0.4280.88, chrome: {chromedriverVersion: 87.0.4280.88 (89e2380a3e36c..., userDataDir: C:\Users\muhas\AppData\Loca...}, goog:chromeOptions: {debuggerAddress: localhost:55388}, javascriptEnabled: true, networkConnectionEnabled: false, pageLoadStrategy: normal, platform: WINDOWS, platformName: WINDOWS, proxy: Proxy(), setWindowRect: true, strictFileInteractability: false, timeouts: {implicit: 0, pageLoad: 300000, script: 30000}, unhandledPromptBehavior: dismiss and notify, webauthn:virtualAuthenticators: true}
Session ID: 349367946db0880ae70b9f9498588d7e
	at org.openqa.selenium.remote.codec.w3c.W3CHttpResponseCodec.createException(W3CHttpResponseCodec.java:196)
	at org.openqa.selenium.remote.codec.w3c.W3CHttpResponseCodec.decode(W3CHttpResponseCodec.java:129)
	at org.openqa.selenium.remote.codec.w3c.W3CHttpResponseCodec.decode(W3CHttpResponseCodec.java:53)
	at org.openqa.selenium.remote.HttpCommandExecutor.execute(HttpCommandExecutor.java:160)
	at org.openqa.selenium.remote.service.DriverCommandExecutor.execute(DriverCommandExecutor.java:83)
	at org.openqa.selenium.remote.RemoteWebDriver.execute(RemoteWebDriver.java:582)
	at org.openqa.selenium.remote.RemoteWebElement.execute(RemoteWebElement.java:316)
	at org.openqa.selenium.remote.RemoteWebElement.click(RemoteWebElement.java:85)
	at org.openqa.selenium.support.pagefactory.internal.LocatingElementHandler.invoke(LocatingElementHandler.java:52)
	at com.sun.proxy.$Proxy33.click(Unknown Source)
	at com.michaelkors.pageObjects.MenPage.clickdropdown(MenPage.java:86)
	at com.michaelkors.testCases.TC_MenTest_006.MenTest(TC_MenTest_006.java:29)
	at java.util.ArrayList.forEach(ArrayList.java:1257)
	at java.util.concurrent.FutureTask.run(FutureTask.java:266)
	at java.util.concurrent.ThreadPoolExecutor.runWorker(ThreadPoolExecutor.java:1149)
	at java.util.concurrent.ThreadPoolExecutor$Worker.run(ThreadPoolExecutor.java:624)
	at java.lang.Thread.run(Thread.java:748)
... Removed 25 stack frames</div></td></tr></table><p class="totop"><a href="#summary">back to summary</a></p>
<h3 id="m2">com.michaelkors.testCases.TC_WalletsTest_008#WalletsTest</h3><table class="result"><tr><th>Exception</th></tr><tr><td><div class="stacktrace">org.openqa.selenium.NoSuchElementException: no such element: Unable to locate element: {&quot;method&quot;:&quot;xpath&quot;,&quot;selector&quot;:&quot;//input[@title=&apos;BRN/ACORN&apos;]&quot;}
  (Session info: chrome=87.0.4280.88)
For documentation on this error, please visit: https://selenium.dev/exceptions/#no_such_element
Build info: version: &apos;4.0.0-alpha-6&apos;, revision: &apos;5f43a29cfc&apos;
System info: host: &apos;LAPTOP-IIRF7F8F&apos;, ip: &apos;192.168.4.29&apos;, os.name: &apos;Windows 10&apos;, os.arch: &apos;amd64&apos;, os.version: &apos;10.0&apos;, java.version: &apos;1.8.0_221&apos;
Driver info: org.openqa.selenium.chrome.ChromeDriver
Capabilities {acceptInsecureCerts: false, browserName: chrome, browserVersion: 87.0.4280.88, chrome: {chromedriverVersion: 87.0.4280.88 (89e2380a3e36c..., userDataDir: C:\Users\muhas\AppData\Loca...}, goog:chromeOptions: {debuggerAddress: localhost:55712}, javascriptEnabled: true, networkConnectionEnabled: false, pageLoadStrategy: normal, platform: WINDOWS, platformName: WINDOWS, proxy: Proxy(), setWindowRect: true, strictFileInteractability: false, timeouts: {implicit: 0, pageLoad: 300000, script: 30000}, unhandledPromptBehavior: dismiss and notify, webauthn:virtualAuthenticators: true}
Session ID: 728a85f55919a23a38cdcea121034e5d
*** Element info: {Using=xpath, value=//input[@title=&apos;BRN/ACORN&apos;]}
	at org.openqa.selenium.remote.codec.w3c.W3CHttpResponseCodec.createException(W3CHttpResponseCodec.java:196)
	at org.openqa.selenium.remote.codec.w3c.W3CHttpResponseCodec.decode(W3CHttpResponseCodec.java:129)
	at org.openqa.selenium.remote.codec.w3c.W3CHttpResponseCodec.decode(W3CHttpResponseCodec.java:53)
	at org.openqa.selenium.remote.HttpCommandExecutor.execute(HttpCommandExecutor.java:160)
	at org.openqa.selenium.remote.service.DriverCommandExecutor.execute(DriverCommandExecutor.java:83)
	at org.openqa.selenium.remote.RemoteWebDriver.execute(RemoteWebDriver.java:582)
	at org.openqa.selenium.remote.RemoteWebDriver.findElement(RemoteWebDriver.java:333)
	at org.openqa.selenium.remote.RemoteWebDriver.findElementByXPath(RemoteWebDriver.java:451)
	at org.openqa.selenium.By$ByXPath.findElement(By.java:394)
	at org.openqa.selenium.remote.RemoteWebDriver.findElement(RemoteWebDriver.java:325)
	at org.openqa.selenium.support.pagefactory.DefaultElementLocator.findElement(DefaultElementLocator.java:70)
	at org.openqa.selenium.support.pagefactory.internal.LocatingElementHandler.invoke(LocatingElementHandler.java:39)
	at com.sun.proxy.$Proxy33.click(Unknown Source)
	at com.michaelkors.pageObjects.WalletsPage.clickBRNACORN(WalletsPage.java:98)
	at com.michaelkors.testCases.TC_WalletsTest_008.WalletsTest(TC_WalletsTest_008.java:25)
	at java.util.ArrayList.forEach(ArrayList.java:1257)
	at java.util.concurrent.FutureTask.run(FutureTask.java:266)
	at java.util.concurrent.ThreadPoolExecutor.runWorker(ThreadPoolExecutor.java:1149)
	at java.util.concurrent.ThreadPoolExecutor$Worker.run(ThreadPoolExecutor.java:624)
	at java.lang.Thread.run(Thread.java:748)
... Removed 22 stack frames</div></td></tr></table><p class="totop"><a href="#summary">back to summary</a></p>
<h3 id="m3">com.michaelkors.testCases.TC_HandBagsTest_007#HandBagsTest</h3><table class="result"><tr><th class="invisible"/></tr></table><p class="totop"><a href="#summary">back to summary</a></p>
<h3 id="m4">com.michaelkors.testCases.TC_JoinDDT_002#JoinDDT</h3><table class="result"><tr class="param"><th>Parameter #1</th><th>Parameter #2</th><th>Parameter #3</th><th>Parameter #4</th><th>Parameter #5</th><th>Parameter #6</th><th>Parameter #7</th><th>Parameter #8</th><th>Parameter #9</th></tr><tr class="param stripe"><td>Asif</td><td>Khan</td><td>khanasif.qa@gmail.com</td><td>Admin123</td><td>8817</td><td>5</td><td>10</td><td>Male</td><td>Passed</td></tr></table><p class="totop"><a href="#summary">back to summary</a></p>
<h3 id="m5">com.michaelkors.testCases.TC_JoinDDT_002#JoinDDT</h3><table class="result"><tr class="param"><th>Parameter #1</th><th>Parameter #2</th><th>Parameter #3</th><th>Parameter #4</th><th>Parameter #5</th><th>Parameter #6</th><th>Parameter #7</th><th>Parameter #8</th><th>Parameter #9</th></tr><tr class="param stripe"><td>Asif</td><td>Khan</td><td>khanasif.qa@gmail.com</td><td>Admin125</td><td>8817</td><td>5</td><td>10</td><td>Male</td><td>failed</td></tr></table><p class="totop"><a href="#summary">back to summary</a></p>
<h3 id="m6">com.michaelkors.testCases.TC_JoinDDT_002#JoinDDT</h3><table class="result"><tr class="param"><th>Parameter #1</th><th>Parameter #2</th><th>Parameter #3</th><th>Parameter #4</th><th>Parameter #5</th><th>Parameter #6</th><th>Parameter #7</th><th>Parameter #8</th><th>Parameter #9</th></tr><tr class="param stripe"><td>Asif</td><td>Kan</td><td>khanasif.qa@gmail.com</td><td>Admin126</td><td>8817</td><td>5</td><td>10</td><td>Male</td><td>failed</td></tr></table><p class="totop"><a href="#summary">back to summary</a></p>
<h3 id="m7">com.michaelkors.testCases.TC_JoinTest_001#JoinTest</h3><table class="result"><tr><th class="invisible"/></tr></table><p class="totop"><a href="#summary">back to summary</a></p>
<h3 id="m8">com.michaelkors.testCases.TC_LoginDDT_004#loginTest</h3><table class="result"><tr class="param"><th>Parameter #1</th><th>Parameter #2</th><th>Parameter #3</th></tr><tr class="param stripe"><td>hanasif.qa@gmail.com</td><td>Admin124</td><td>Fail</td></tr></table><p class="totop"><a href="#summary">back to summary</a></p>
<h3 id="m9">com.michaelkors.testCases.TC_LoginDDT_004#loginTest</h3><table class="result"><tr class="param"><th>Parameter #1</th><th>Parameter #2</th><th>Parameter #3</th></tr><tr class="param stripe"><td>khanasif@gmail.com</td><td>Admin126</td><td>Fail</td></tr></table><p class="totop"><a href="#summary">back to summary</a></p>
<h3 id="m10">com.michaelkors.testCases.TC_LoginDDT_004#loginTest</h3><table class="result"><tr class="param"><th>Parameter #1</th><th>Parameter #2</th><th>Parameter #3</th></tr><tr class="param stripe"><td>khanasif.qa@gmail.com</td><td>Admin125</td><td>Fail</td></tr></table><p class="totop"><a href="#summary">back to summary</a></p>
<h3 id="m11">com.michaelkors.testCases.TC_LoginDDT_004#loginTest</h3><table class="result"><tr class="param"><th>Parameter #1</th><th>Parameter #2</th><th>Parameter #3</th></tr><tr class="param stripe"><td>khanasif.qa@gmail.com</td><td>Admin123</td><td>Pass</td></tr></table><p class="totop"><a href="#summary">back to summary</a></p>
<h3 id="m12">com.michaelkors.testCases.TC_LoginTest_003#LoginTest</h3><table class="result"><tr><th class="invisible"/></tr></table><p class="totop"><a href="#summary">back to summary</a></p>
<h3 id="m13">com.michaelkors.testCases.TC_ShoesTest_009#ShoesTest</h3><table class="result"><tr><th class="invisible"/></tr></table><p class="totop"><a href="#summary">back to summary</a></p>
<h3 id="m14">com.michaelkors.testCases.TC_WomenTest_005#WomenTest</h3><table class="result"><tr><th class="invisible"/></tr></table><p class="totop"><a href="#summary">back to summary</a></p>
</body>
</html>
