<html>
<head>
<title>TestNG:  michaelkorsTests</title>
<link href="../testng.css" rel="stylesheet" type="text/css" />
<link href="../my-testng.css" rel="stylesheet" type="text/css" />

<style type="text/css">
.log { display: none;} 
.stack-trace { display: none;} 
</style>
<script type="text/javascript">
<!--
function flip(e) {
  current = e.style.display;
  if (current == 'block') {
    e.style.display = 'none';
    return 0;
  }
  else {
    e.style.display = 'block';
    return 1;
  }
}

function toggleBox(szDivId, elem, msg1, msg2)
{
  var res = -1;  if (document.getElementById) {
    res = flip(document.getElementById(szDivId));
  }
  else if (document.all) {
    // this is the way old msie versions work
    res = flip(document.all[szDivId]);
  }
  if(elem) {
    if(res == 0) elem.innerHTML = msg1; else elem.innerHTML = msg2;
  }

}

function toggleAllBoxes() {
  if (document.getElementsByTagName) {
    d = document.getElementsByTagName('div');
    for (i = 0; i < d.length; i++) {
      if (d[i].className == 'log') {
        flip(d[i]);
      }
    }
  }
}

// -->
</script>

</head>
<body>
<h2 align='center'>michaelkorsTests</h2><table border='1' align="center">
<tr>
<td>Tests passed/Failed/Skipped:</td><td>9/1/0</td>
</tr><tr>
<td>Started on:</td><td>Wed Dec 16 11:56:26 EST 2020</td>
</tr>
<tr><td>Total time:</td><td>257 seconds (257092 ms)</td>
</tr><tr>
<td>Included groups:</td><td></td>
</tr><tr>
<td>Excluded groups:</td><td></td>
</tr>
</table><p/>
<small><i>(Hover the method name to see the test class name)</i></small><p/>
<table width='100%' border='1' class='invocation-failed'>
<tr><td colspan='4' align='center'><b>FAILED TESTS</b></td></tr>
<tr><td><b>Test method</b></td>
<td width="30%"><b>Exception</b></td>
<td width="10%"><b>Time (seconds)</b></td>
<td><b>Instance</b></td>
</tr>
<tr>
<td title='com.michaelkors.testCases.TC_JoinDDT_002.JoinDDT()'><b>JoinDDT</b><br>Test class: com.michaelkors.testCases.TC_JoinDDT_002<br>Parameters: Asif, Khan, khanasif@gmail.com, Admin124, 8817, 5, 10, Male, failed</td>
<td><div><pre>org.openqa.selenium.ElementNotInteractableException: element not interactable
  (Session info: chrome=87.0.4280.88)
Build info: version: &apos;4.0.0-alpha-6&apos;, revision: &apos;5f43a29cfc&apos;
System info: host: &apos;LAPTOP-IIRF7F8F&apos;, ip: &apos;192.168.4.29&apos;, os.name: &apos;Windows 10&apos;, os.arch: &apos;amd64&apos;, os.version: &apos;10.0&apos;, java.version: &apos;1.8.0_221&apos;
Driver info: org.openqa.selenium.chrome.ChromeDriver
Capabilities {acceptInsecureCerts: false, browserName: chrome, browserVersion: 87.0.4280.88, chrome: {chromedriverVersion: 87.0.4280.88 (89e2380a3e36c..., userDataDir: C:\Users\muhas\AppData\Loca...}, goog:chromeOptions: {debuggerAddress: localhost:59303}, javascriptEnabled: true, networkConnectionEnabled: false, pageLoadStrategy: normal, platform: WINDOWS, platformName: WINDOWS, proxy: Proxy(), setWindowRect: true, strictFileInteractability: false, timeouts: {implicit: 0, pageLoad: 300000, script: 30000}, unhandledPromptBehavior: dismiss and notify, webauthn:virtualAuthenticators: true}
Session ID: 3be3766b4e0f3b372986cc0ed37d4604
	at org.openqa.selenium.remote.codec.w3c.W3CHttpResponseCodec.createException(W3CHttpResponseCodec.java:196)
	at org.openqa.selenium.remote.codec.w3c.W3CHttpResponseCodec.decode(W3CHttpResponseCodec.java:129)
	at org.openqa.selenium.remote.codec.w3c.W3CHttpResponseCodec.decode(W3CHttpResponseCodec.java:53)
	at org.openqa.selenium.remote.HttpCommandExecutor.execute(HttpCommandExecutor.java:160)
	at org.openqa.selenium.remote.service.DriverCommandExecutor.execute(DriverCommandExecutor.java:83)
	at org.openqa.selenium.remote.RemoteWebDriver.execute(RemoteWebDriver.java:582)
	at org.openqa.selenium.remote.RemoteWebElement.execute(RemoteWebElement.java:316)
	at org.openqa.selenium.remote.RemoteWebElement.sendKeys(RemoteWebElement.java:115)
	at org.openqa.selenium.support.pagefactory.internal.LocatingElementHandler.invoke(LocatingElementHandler.java:52)
	at com.sun.proxy.$Proxy33.sendKeys(Unknown Source)
	at com.michaelkors.pageObjects.JoinPage.setEmailName(JoinPage.java:80)
	at com.michaelkors.testCases.TC_JoinDDT_002.JoinDDT(TC_JoinDDT_002.java:27)
	at java.util.ArrayList.forEach(ArrayList.java:1257)
	at java.util.concurrent.FutureTask.run(FutureTask.java:266)
	at java.util.concurrent.ThreadPoolExecutor.runWorker(ThreadPoolExecutor.java:1149)
	at java.util.concurrent.ThreadPoolExecutor$Worker.run(ThreadPoolExecutor.java:624)
	at java.lang.Thread.run(Thread.java:748)
... Removed 25 stack frames</pre></div><a href='#' onClick='toggleBox("stack-trace304617262", this, "Click to show all stack frames", "Click to hide stack frames")'>Click to show all stack frames</a>
<div class='stack-trace' id='stack-trace304617262'><pre>org.openqa.selenium.ElementNotInteractableException: element not interactable
  (Session info: chrome=87.0.4280.88)
Build info: version: &apos;4.0.0-alpha-6&apos;, revision: &apos;5f43a29cfc&apos;
System info: host: &apos;LAPTOP-IIRF7F8F&apos;, ip: &apos;192.168.4.29&apos;, os.name: &apos;Windows 10&apos;, os.arch: &apos;amd64&apos;, os.version: &apos;10.0&apos;, java.version: &apos;1.8.0_221&apos;
Driver info: org.openqa.selenium.chrome.ChromeDriver
Capabilities {acceptInsecureCerts: false, browserName: chrome, browserVersion: 87.0.4280.88, chrome: {chromedriverVersion: 87.0.4280.88 (89e2380a3e36c..., userDataDir: C:\Users\muhas\AppData\Loca...}, goog:chromeOptions: {debuggerAddress: localhost:59303}, javascriptEnabled: true, networkConnectionEnabled: false, pageLoadStrategy: normal, platform: WINDOWS, platformName: WINDOWS, proxy: Proxy(), setWindowRect: true, strictFileInteractability: false, timeouts: {implicit: 0, pageLoad: 300000, script: 30000}, unhandledPromptBehavior: dismiss and notify, webauthn:virtualAuthenticators: true}
Session ID: 3be3766b4e0f3b372986cc0ed37d4604
	at sun.reflect.NativeConstructorAccessorImpl.newInstance0(Native Method)
	at sun.reflect.NativeConstructorAccessorImpl.newInstance(NativeConstructorAccessorImpl.java:62)
	at sun.reflect.DelegatingConstructorAccessorImpl.newInstance(DelegatingConstructorAccessorImpl.java:45)
	at java.lang.reflect.Constructor.newInstance(Constructor.java:423)
	at org.openqa.selenium.remote.codec.w3c.W3CHttpResponseCodec.createException(W3CHttpResponseCodec.java:196)
	at org.openqa.selenium.remote.codec.w3c.W3CHttpResponseCodec.decode(W3CHttpResponseCodec.java:129)
	at org.openqa.selenium.remote.codec.w3c.W3CHttpResponseCodec.decode(W3CHttpResponseCodec.java:53)
	at org.openqa.selenium.remote.HttpCommandExecutor.execute(HttpCommandExecutor.java:160)
	at org.openqa.selenium.remote.service.DriverCommandExecutor.execute(DriverCommandExecutor.java:83)
	at org.openqa.selenium.remote.RemoteWebDriver.execute(RemoteWebDriver.java:582)
	at org.openqa.selenium.remote.RemoteWebElement.execute(RemoteWebElement.java:316)
	at org.openqa.selenium.remote.RemoteWebElement.sendKeys(RemoteWebElement.java:115)
	at sun.reflect.GeneratedMethodAccessor3.invoke(Unknown Source)
	at sun.reflect.DelegatingMethodAccessorImpl.invoke(DelegatingMethodAccessorImpl.java:43)
	at java.lang.reflect.Method.invoke(Method.java:498)
	at org.openqa.selenium.support.pagefactory.internal.LocatingElementHandler.invoke(LocatingElementHandler.java:52)
	at com.sun.proxy.$Proxy33.sendKeys(Unknown Source)
	at com.michaelkors.pageObjects.JoinPage.setEmailName(JoinPage.java:80)
	at com.michaelkors.testCases.TC_JoinDDT_002.JoinDDT(TC_JoinDDT_002.java:27)
	at sun.reflect.NativeMethodAccessorImpl.invoke0(Native Method)
	at sun.reflect.NativeMethodAccessorImpl.invoke(NativeMethodAccessorImpl.java:62)
	at sun.reflect.DelegatingMethodAccessorImpl.invoke(DelegatingMethodAccessorImpl.java:43)
	at java.lang.reflect.Method.invoke(Method.java:498)
	at org.testng.internal.MethodInvocationHelper.invokeMethod(MethodInvocationHelper.java:132)
	at org.testng.internal.TestInvoker.invokeMethod(TestInvoker.java:599)
	at org.testng.internal.TestInvoker.invokeTestMethod(TestInvoker.java:174)
	at org.testng.internal.MethodRunner.runInSequence(MethodRunner.java:46)
	at org.testng.internal.TestInvoker$MethodInvocationAgent.invoke(TestInvoker.java:822)
	at org.testng.internal.TestInvoker.invokeTestMethods(TestInvoker.java:147)
	at org.testng.internal.TestMethodWorker.invokeTestMethods(TestMethodWorker.java:146)
	at org.testng.internal.TestMethodWorker.run(TestMethodWorker.java:128)
	at java.util.ArrayList.forEach(ArrayList.java:1257)
	at org.testng.TestRunner.privateRun(TestRunner.java:764)
	at org.testng.TestRunner.run(TestRunner.java:585)
	at org.testng.SuiteRunner.runTest(SuiteRunner.java:384)
	at org.testng.SuiteRunner.access$000(SuiteRunner.java:28)
	at org.testng.SuiteRunner$SuiteWorker.run(SuiteRunner.java:425)
	at org.testng.internal.thread.ThreadUtil.lambda$execute$0(ThreadUtil.java:66)
	at java.util.concurrent.FutureTask.run(FutureTask.java:266)
	at java.util.concurrent.ThreadPoolExecutor.runWorker(ThreadPoolExecutor.java:1149)
	at java.util.concurrent.ThreadPoolExecutor$Worker.run(ThreadPoolExecutor.java:624)
	at java.lang.Thread.run(Thread.java:748)
</pre></div></td>
<td>3</td>
<td>com.michaelkors.testCases.TC_JoinDDT_002@6b8ca3c8</td></tr>
</table><p>
<table width='100%' border='1' class='invocation-passed'>
<tr><td colspan='4' align='center'><b>PASSED TESTS</b></td></tr>
<tr><td><b>Test method</b></td>
<td width="30%"><b>Exception</b></td>
<td width="10%"><b>Time (seconds)</b></td>
<td><b>Instance</b></td>
</tr>
<tr>
<td title='com.michaelkors.testCases.TC_JoinDDT_002.JoinDDT()'><b>JoinDDT</b><br>Test class: com.michaelkors.testCases.TC_JoinDDT_002<br>Parameters: Asif, Khan, khanasif.qa@gmail.com, Admin123, 8817, 5, 10, Male, Passed</td>
<td></td>
<td>18</td>
<td>com.michaelkors.testCases.TC_JoinDDT_002@6b8ca3c8</td></tr>
<tr>
<td title='com.michaelkors.testCases.TC_JoinDDT_002.JoinDDT()'><b>JoinDDT</b><br>Test class: com.michaelkors.testCases.TC_JoinDDT_002<br>Parameters: Asif, Khan, khanasif.qa@gmail.com, Admin125, 8817, 5, 10, Male, failed</td>
<td></td>
<td>13</td>
<td>com.michaelkors.testCases.TC_JoinDDT_002@6b8ca3c8</td></tr>
<tr>
<td title='com.michaelkors.testCases.TC_JoinDDT_002.JoinDDT()'><b>JoinDDT</b><br>Test class: com.michaelkors.testCases.TC_JoinDDT_002<br>Parameters: Asif, Kan, khanasif.qa@gmail.com, Admin126, 8817, 5, 10, Male, failed</td>
<td></td>
<td>13</td>
<td>com.michaelkors.testCases.TC_JoinDDT_002@6b8ca3c8</td></tr>
<tr>
<td title='com.michaelkors.testCases.TC_JoinTest_001.JoinTest()'><b>JoinTest</b><br>Test class: com.michaelkors.testCases.TC_JoinTest_001</td>
<td></td>
<td>17</td>
<td>com.michaelkors.testCases.TC_JoinTest_001@49dc7102</td></tr>
<tr>
<td title='com.michaelkors.testCases.TC_LoginTest_003.LoginTest()'><b>LoginTest</b><br>Test class: com.michaelkors.testCases.TC_LoginTest_003</td>
<td></td>
<td>18</td>
<td>com.michaelkors.testCases.TC_LoginTest_003@68c72235</td></tr>
<tr>
<td title='com.michaelkors.testCases.TC_LoginDDT_004.loginTest()'><b>loginTest</b><br>Test class: com.michaelkors.testCases.TC_LoginDDT_004<br>Parameters: khanasif.qa@gmail.com, Admin123, Pass</td>
<td></td>
<td>20</td>
<td>com.michaelkors.testCases.TC_LoginDDT_004@10959ece</td></tr>
<tr>
<td title='com.michaelkors.testCases.TC_LoginDDT_004.loginTest()'><b>loginTest</b><br>Test class: com.michaelkors.testCases.TC_LoginDDT_004<br>Parameters: hanasif.qa@gmail.com, Admin124, Fail</td>
<td></td>
<td>43</td>
<td>com.michaelkors.testCases.TC_LoginDDT_004@10959ece</td></tr>
<tr>
<td title='com.michaelkors.testCases.TC_LoginDDT_004.loginTest()'><b>loginTest</b><br>Test class: com.michaelkors.testCases.TC_LoginDDT_004<br>Parameters: khanasif.qa@gmail.com, Admin125, Fail</td>
<td></td>
<td>44</td>
<td>com.michaelkors.testCases.TC_LoginDDT_004@10959ece</td></tr>
<tr>
<td title='com.michaelkors.testCases.TC_LoginDDT_004.loginTest()'><b>loginTest</b><br>Test class: com.michaelkors.testCases.TC_LoginDDT_004<br>Parameters: khanasif@gmail.com, Admin126, Fail</td>
<td></td>
<td>43</td>
<td>com.michaelkors.testCases.TC_LoginDDT_004@10959ece</td></tr>
</table><p>
</body>
</html>